#
# There is insufficient memory for the Java Runtime Environment to continue.
# Native memory allocation (malloc) failed to allocate 493520 bytes. Error detail: Chunk::new
# Possible reasons:
#   The system is out of physical RAM or swap space
#   This process is running with CompressedOops enabled, and the Java Heap may be blocking the growth of the native heap
# Possible solutions:
#   Reduce memory load on the system
#   Increase physical memory or swap space
#   Check if swap backing store is full
#   Decrease Java heap size (-Xmx/-Xms)
#   Decrease number of Java threads
#   Decrease Java thread stack sizes (-Xss)
#   Set larger code cache with -XX:ReservedCodeCacheSize=
#   JVM is running with Unscaled Compressed Oops mode in which the Java heap is
#     placed in the first 4GB address space. The Java Heap base address is the
#     maximum limit for the native heap growth. Please use -XX:HeapBaseMinAddress
#     to set the Java Heap base and to place the Java Heap above 4GB virtual address.
# This output file may be truncated or incomplete.
#
#  Out of Memory Error (arena.cpp:168), pid=2252, tid=30596
#
# JRE version: OpenJDK Runtime Environment Temurin-21.0.10+7 (21.0.10+7) (build 21.0.10+7-LTS)
# Java VM: OpenJDK 64-Bit Server VM Temurin-21.0.10+7 (21.0.10+7-LTS, mixed mode, sharing, tiered, compressed oops, compressed class ptrs, parallel gc, windows-amd64)
# No core dump will be written. Minidumps are not enabled by default on client versions of Windows
#

---------------  S U M M A R Y ------------

Command Line: --add-modules=ALL-SYSTEM --add-opens=java.base/java.util=ALL-UNNAMED --add-opens=java.base/java.lang=ALL-UNNAMED --add-opens=java.base/sun.nio.fs=ALL-UNNAMED -Declipse.application=org.eclipse.jdt.ls.core.id1 -Dosgi.bundles.defaultStartLevel=4 -Declipse.product=org.eclipse.jdt.ls.core.product -Djava.import.generatesMetadataFilesAtProjectRoot=false -DDetectVMInstallationsJob.disabled=true -Dfile.encoding=utf8 -XX:+UseParallelGC -XX:GCTimeRatio=4 -XX:AdaptiveSizePolicyWeight=90 -Dsun.zip.disableMemoryMapping=true -Xmx2G -Xms100m -Xlog:disable -javaagent:c:\Users\ASUS\.vscode\extensions\redhat.java-1.53.0-win32-x64\lombok\lombok-1.18.39-4050.jar -XX:+HeapDumpOnOutOfMemoryError -XX:HeapDumpPath=c:\Users\ASUS\AppData\Roaming\Code\User\workspaceStorage\097b4e4fa327a675ec34e49b565ec5ca\redhat.java -Daether.dependencyCollector.impl=bf c:\Users\ASUS\.vscode\extensions\redhat.java-1.53.0-win32-x64\server\plugins\org.eclipse.equinox.launcher_1.7.100.v20251111-0406.jar -configuration c:\Users\ASUS\AppData\Roaming\Code\User\globalStorage\redhat.java\1.53.0\config_win -data c:\Users\ASUS\AppData\Roaming\Code\User\workspaceStorage\097b4e4fa327a675ec34e49b565ec5ca\redhat.java\jdt_ws --pipe=\\.\pipe\lsp-373a916d64e336ae4f00860a68f31c56-sock

Host: 12th Gen Intel(R) Core(TM) i7-12650H, 16 cores, 15G,  Windows 11 , 64 bit Build 26100 (10.0.26100.7705)
Time: Thu Mar  5 18:36:46 2026 Sri Lanka Standard Time elapsed time: 95.853188 seconds (0d 0h 1m 35s)

---------------  T H R E A D  ---------------

Current thread (0x0000020d9cd00580):  JavaThread "C2 CompilerThread0" daemon [_thread_in_native, id=30596, stack(0x0000005948200000,0x0000005948300000) (1024K)]


Current CompileTask:
C2:95853 8220       4       com.google.gson.stream.JsonWriter::string (171 bytes)

Stack: [0x0000005948200000,0x0000005948300000]
Native frames: (J=compiled Java code, j=interpreted, Vv=VM code, C=native code)
V  [jvm.dll+0x6d7a39]
V  [jvm.dll+0x8b4b26]
V  [jvm.dll+0x8b70de]
V  [jvm.dll+0x8b77c3]
V  [jvm.dll+0x284346]
V  [jvm.dll+0xc66ed]
V  [jvm.dll+0xc6c31]
V  [jvm.dll+0x3bec3b]
V  [jvm.dll+0x38b162]
V  [jvm.dll+0x38a5aa]
V  [jvm.dll+0x24c560]
V  [jvm.dll+0x24bb40]
V  [jvm.dll+0x1cb34e]
V  [jvm.dll+0x25b85d]
V  [jvm.dll+0x259dea]
V  [jvm.dll+0x3f857e]
V  [jvm.dll+0x85f59d]
V  [jvm.dll+0x6d626d]
C  [ucrtbase.dll+0x37b0]
C  [KERNEL32.DLL+0x2e8d7]
C  [ntdll.dll+0x8c40c]


---------------  P R O C E S S  ---------------

Threads class SMR info:
_java_thread_list=0x0000020d813bbcb0, length=61, elements={
0x0000020d9a83b7d0, 0x0000020d9cbfe8f0, 0x0000020d9ccf4830, 0x0000020d9ccfc1c0,
0x0000020d9ccfebd0, 0x0000020d9ccff4c0, 0x0000020d9ccffb30, 0x0000020d9cd00580,
0x0000020df5a4e8d0, 0x0000020df5cf17d0, 0x0000020df5cfe0c0, 0x0000020df7a33b50,
0x0000020df5b215b0, 0x0000020df79bae90, 0x0000020df79bd850, 0x0000020dfc6d50b0,
0x0000020dfc5c7040, 0x0000020df7485db0, 0x0000020df791c450, 0x0000020df791bdc0,
0x0000020df791aa10, 0x0000020df791b730, 0x0000020df7919660, 0x0000020df791a380,
0x0000020df791b0a0, 0x0000020df7919cf0, 0x0000020df74e1a10, 0x0000020df74df940,
0x0000020df74dffd0, 0x0000020df74e3450, 0x0000020df74e3ae0, 0x0000020df74e20a0,
0x0000020df74e0cf0, 0x0000020df74e0660, 0x0000020df74e1380, 0x0000020df74e4170,
0x0000020df74e4800, 0x0000020df74e5bb0, 0x0000020df74e4e90, 0x0000020df74e5520,
0x0000020df74e2730, 0x0000020df74e6240, 0x0000020df74e2dc0, 0x0000020df74e68d0,
0x0000020dfe19d190, 0x0000020dfe19f260, 0x0000020dfe19e540, 0x0000020dfe19f8f0,
0x0000020dfe19ff80, 0x0000020dfe19cb00, 0x0000020dfe1a0610, 0x0000020dfe1a0ca0,
0x0000020dfe1a1330, 0x0000020dfe1a2d70, 0x0000020dfe1a2050, 0x0000020dfe1a26e0,
0x0000020dfe1a19c0, 0x0000020dfe1a3400, 0x0000020dfe1a3a90, 0x0000020d80bb9c60,
0x0000020d80bbc3c0
}

Java Threads: ( => current thread )
  0x0000020d9a83b7d0 JavaThread "main"                              [_thread_blocked, id=30376, stack(0x0000005947800000,0x0000005947900000) (1024K)]
  0x0000020d9cbfe8f0 JavaThread "Reference Handler"          daemon [_thread_blocked, id=15548, stack(0x0000005947c00000,0x0000005947d00000) (1024K)]
  0x0000020d9ccf4830 JavaThread "Finalizer"                  daemon [_thread_blocked, id=25072, stack(0x0000005947d00000,0x0000005947e00000) (1024K)]
  0x0000020d9ccfc1c0 JavaThread "Signal Dispatcher"          daemon [_thread_blocked, id=25280, stack(0x0000005947e00000,0x0000005947f00000) (1024K)]
  0x0000020d9ccfebd0 JavaThread "Attach Listener"            daemon [_thread_blocked, id=21472, stack(0x0000005947f00000,0x0000005948000000) (1024K)]
  0x0000020d9ccff4c0 JavaThread "Service Thread"             daemon [_thread_blocked, id=23580, stack(0x0000005948000000,0x0000005948100000) (1024K)]
  0x0000020d9ccffb30 JavaThread "Monitor Deflation Thread"   daemon [_thread_blocked, id=31824, stack(0x0000005948100000,0x0000005948200000) (1024K)]
=>0x0000020d9cd00580 JavaThread "C2 CompilerThread0"         daemon [_thread_in_native, id=30596, stack(0x0000005948200000,0x0000005948300000) (1024K)]
  0x0000020df5a4e8d0 JavaThread "C1 CompilerThread0"         daemon [_thread_blocked, id=30388, stack(0x0000005948300000,0x0000005948400000) (1024K)]
  0x0000020df5cf17d0 JavaThread "Common-Cleaner"             daemon [_thread_blocked, id=29960, stack(0x0000005948800000,0x0000005948900000) (1024K)]
  0x0000020df5cfe0c0 JavaThread "Notification Thread"        daemon [_thread_blocked, id=5088, stack(0x0000005948900000,0x0000005948a00000) (1024K)]
  0x0000020df7a33b50 JavaThread "Active Thread: Equinox Container: 9053fefd-f9f5-4717-85cd-aa167fc06474"        [_thread_blocked, id=17000, stack(0x0000005949000000,0x0000005949100000) (1024K)]
  0x0000020df5b215b0 JavaThread "Refresh Thread: Equinox Container: 9053fefd-f9f5-4717-85cd-aa167fc06474" daemon [_thread_blocked, id=16228, stack(0x0000005948400000,0x0000005948500000) (1024K)]
  0x0000020df79bae90 JavaThread "Framework Event Dispatcher: Equinox Container: 9053fefd-f9f5-4717-85cd-aa167fc06474" daemon [_thread_blocked, id=23344, stack(0x0000005948500000,0x0000005948600000) (1024K)]
  0x0000020df79bd850 JavaThread "Start Level: Equinox Container: 9053fefd-f9f5-4717-85cd-aa167fc06474" daemon [_thread_blocked, id=23556, stack(0x0000005948600000,0x0000005948700000) (1024K)]
  0x0000020dfc6d50b0 JavaThread "Bundle File Closer"         daemon [_thread_blocked, id=27772, stack(0x0000005949500000,0x0000005949600000) (1024K)]
  0x0000020dfc5c7040 JavaThread "SCR Component Actor"        daemon [_thread_blocked, id=22388, stack(0x0000005949600000,0x0000005949700000) (1024K)]
  0x0000020df7485db0 JavaThread "Worker-JM"                         [_thread_blocked, id=32984, stack(0x0000005949700000,0x0000005949800000) (1024K)]
  0x0000020df791c450 JavaThread "JNA Cleaner"                daemon [_thread_blocked, id=18984, stack(0x0000005949a00000,0x0000005949b00000) (1024K)]
  0x0000020df791bdc0 JavaThread "Worker-0"                          [_thread_blocked, id=22664, stack(0x0000005949b00000,0x0000005949c00000) (1024K)]
  0x0000020df791aa10 JavaThread "Worker-1"                          [_thread_blocked, id=32824, stack(0x0000005949c00000,0x0000005949d00000) (1024K)]
  0x0000020df791b730 JavaThread "Worker-2"                          [_thread_blocked, id=22572, stack(0x000000594a100000,0x000000594a200000) (1024K)]
  0x0000020df7919660 JavaThread "Worker-3"                          [_thread_blocked, id=31504, stack(0x000000594a200000,0x000000594a300000) (1024K)]
  0x0000020df791a380 JavaThread "Java indexing"              daemon [_thread_blocked, id=23464, stack(0x000000594a300000,0x000000594a400000) (1024K)]
  0x0000020df791b0a0 JavaThread "Worker-4: Initialize Workspace"        [_thread_blocked, id=2184, stack(0x000000594a600000,0x000000594a700000) (1024K)]
  0x0000020df7919cf0 JavaThread "Worker-5: Synchronize Gradle projects with workspace"        [_thread_blocked, id=33468, stack(0x000000594a700000,0x000000594a800000) (1024K)]
  0x0000020df74e1a10 JavaThread "Thread-1"                   daemon [_thread_in_native, id=33524, stack(0x000000594a800000,0x000000594a900000) (1024K)]
  0x0000020df74df940 JavaThread "Thread-2"                   daemon [_thread_in_native, id=33156, stack(0x000000594a900000,0x000000594aa00000) (1024K)]
  0x0000020df74dffd0 JavaThread "Thread-3"                   daemon [_thread_in_native, id=23760, stack(0x000000594aa00000,0x000000594ab00000) (1024K)]
  0x0000020df74e3450 JavaThread "Thread-4"                   daemon [_thread_in_native, id=33068, stack(0x000000594ab00000,0x000000594ac00000) (1024K)]
  0x0000020df74e3ae0 JavaThread "Thread-5"                   daemon [_thread_in_native, id=29256, stack(0x000000594ac00000,0x000000594ad00000) (1024K)]
  0x0000020df74e20a0 JavaThread "Thread-6"                   daemon [_thread_in_native, id=23204, stack(0x000000594ad00000,0x000000594ae00000) (1024K)]
  0x0000020df74e0cf0 JavaThread "Thread-7"                   daemon [_thread_in_native, id=8252, stack(0x000000594ae00000,0x000000594af00000) (1024K)]
  0x0000020df74e0660 JavaThread "Thread-8"                   daemon [_thread_in_native, id=33632, stack(0x000000594af00000,0x000000594b000000) (1024K)]
  0x0000020df74e1380 JavaThread "Thread-9"                   daemon [_thread_in_native, id=11436, stack(0x000000594b000000,0x000000594b100000) (1024K)]
  0x0000020df74e4170 JavaThread "Thread-10"                  daemon [_thread_in_native, id=17876, stack(0x000000594b100000,0x000000594b200000) (1024K)]
  0x0000020df74e4800 JavaThread "Thread-11"                  daemon [_thread_in_native, id=33056, stack(0x000000594b200000,0x000000594b300000) (1024K)]
  0x0000020df74e5bb0 JavaThread "Thread-12"                  daemon [_thread_in_native, id=27080, stack(0x000000594b300000,0x000000594b400000) (1024K)]
  0x0000020df74e4e90 JavaThread "Thread-13"                  daemon [_thread_in_native, id=32964, stack(0x000000594b400000,0x000000594b500000) (1024K)]
  0x0000020df74e5520 JavaThread "Thread-14"                  daemon [_thread_in_native, id=32476, stack(0x000000594b500000,0x000000594b600000) (1024K)]
  0x0000020df74e2730 JavaThread "Thread-15"                  daemon [_thread_in_native, id=25248, stack(0x000000594b600000,0x000000594b700000) (1024K)]
  0x0000020df74e6240 JavaThread "Thread-16"                  daemon [_thread_in_native, id=33532, stack(0x000000594b700000,0x000000594b800000) (1024K)]
  0x0000020df74e2dc0 JavaThread "Thread-17"                  daemon [_thread_in_native, id=28792, stack(0x000000594b800000,0x000000594b900000) (1024K)]
  0x0000020df74e68d0 JavaThread "pool-2-thread-1"                   [_thread_blocked, id=27072, stack(0x000000594b900000,0x000000594ba00000) (1024K)]
  0x0000020dfe19d190 JavaThread "Timer-0"                           [_thread_blocked, id=16280, stack(0x000000594bd00000,0x000000594be00000) (1024K)]
  0x0000020dfe19f260 JavaThread "Timer-1"                           [_thread_blocked, id=21372, stack(0x000000594be00000,0x000000594bf00000) (1024K)]
  0x0000020dfe19e540 JavaThread "WorkspaceEventsHandler"            [_thread_blocked, id=28984, stack(0x000000594bc00000,0x000000594bd00000) (1024K)]
  0x0000020dfe19f8f0 JavaThread "pool-1-thread-1"                   [_thread_blocked, id=24300, stack(0x000000594bf00000,0x000000594c000000) (1024K)]
  0x0000020dfe19ff80 JavaThread "Exec process"                      [_thread_blocked, id=27776, stack(0x000000594a000000,0x000000594a100000) (1024K)]
  0x0000020dfe19cb00 JavaThread "Exec process Thread 2"             [_thread_blocked, id=31196, stack(0x0000005949f00000,0x000000594a000000) (1024K)]
  0x0000020dfe1a0610 JavaThread "Exec process Thread 3"             [_thread_blocked, id=25624, stack(0x000000594ba00000,0x000000594bb00000) (1024K)]
  0x0000020dfe1a0ca0 JavaThread "Timer-2"                           [_thread_blocked, id=33708, stack(0x000000594bb00000,0x000000594bc00000) (1024K)]
  0x0000020dfe1a1330 JavaThread "Timer-3"                           [_thread_blocked, id=18720, stack(0x0000005949400000,0x0000005949500000) (1024K)]
  0x0000020dfe1a2d70 JavaThread "Timer-4"                           [_thread_blocked, id=27280, stack(0x0000005949d00000,0x0000005949e00000) (1024K)]
  0x0000020dfe1a2050 JavaThread "Timer-5"                           [_thread_blocked, id=29368, stack(0x0000005949e00000,0x0000005949f00000) (1024K)]
  0x0000020dfe1a26e0 JavaThread "Timer-6"                           [_thread_blocked, id=18712, stack(0x000000594c100000,0x000000594c200000) (1024K)]
  0x0000020dfe1a19c0 JavaThread "Timer-7"                           [_thread_blocked, id=5276, stack(0x000000594c200000,0x000000594c300000) (1024K)]
  0x0000020dfe1a3400 JavaThread "Timer-8"                           [_thread_blocked, id=32648, stack(0x000000594c000000,0x000000594c100000) (1024K)]
  0x0000020dfe1a3a90 JavaThread "Timer-9"                           [_thread_blocked, id=23736, stack(0x000000594c600000,0x000000594c700000) (1024K)]
  0x0000020d80bb9c60 JavaThread "Connection worker"                 [_thread_in_native, id=32056, stack(0x000000594c700000,0x000000594c800000) (1024K)]
  0x0000020d80bbc3c0 JavaThread "pool-4-thread-1"                   [_thread_blocked, id=33648, stack(0x000000594c800000,0x000000594c900000) (1024K)]
Total: 61

Other Threads:
  0x0000020df5a24ba0 VMThread "VM Thread"                           [id=8936, stack(0x0000005947b00000,0x0000005947c00000) (1024K)]
  0x0000020d9cadca00 WatcherThread "VM Periodic Task Thread"        [id=30244, stack(0x0000005947a00000,0x0000005947b00000) (1024K)]
  0x0000020d9cc733f0 WorkerThread "GC Thread#0"                     [id=23540, stack(0x0000005947900000,0x0000005947a00000) (1024K)]
  0x0000020df5d84a50 WorkerThread "GC Thread#1"                     [id=30844, stack(0x0000005948a00000,0x0000005948b00000) (1024K)]
  0x0000020df5d86070 WorkerThread "GC Thread#2"                     [id=21580, stack(0x0000005948b00000,0x0000005948c00000) (1024K)]
  0x0000020df5d85910 WorkerThread "GC Thread#3"                     [id=28536, stack(0x0000005948c00000,0x0000005948d00000) (1024K)]
  0x0000020df5d84e00 WorkerThread "GC Thread#4"                     [id=28476, stack(0x0000005948d00000,0x0000005948e00000) (1024K)]
  0x0000020df5d85cc0 WorkerThread "GC Thread#5"                     [id=32088, stack(0x0000005948e00000,0x0000005948f00000) (1024K)]
  0x0000020df5d86420 WorkerThread "GC Thread#6"                     [id=23776, stack(0x0000005948f00000,0x0000005949000000) (1024K)]
  0x0000020dfc19b4f0 WorkerThread "GC Thread#7"                     [id=28340, stack(0x0000005949100000,0x0000005949200000) (1024K)]
  0x0000020dfc19a9e0 WorkerThread "GC Thread#8"                     [id=8980, stack(0x0000005948700000,0x0000005948800000) (1024K)]
  0x0000020dfc199ed0 WorkerThread "GC Thread#9"                     [id=22844, stack(0x0000005949200000,0x0000005949300000) (1024K)]
  0x0000020dfc19c3b0 WorkerThread "GC Thread#10"                    [id=32828, stack(0x0000005949300000,0x0000005949400000) (1024K)]
  0x0000020dfc19cb10 WorkerThread "GC Thread#11"                    [id=18028, stack(0x0000005949800000,0x0000005949900000) (1024K)]
  0x0000020dfc199010 WorkerThread "GC Thread#12"                    [id=25424, stack(0x0000005949900000,0x0000005949a00000) (1024K)]
Total: 15

Threads with active compile tasks:
C2 CompilerThread0  95924 8220       4       com.google.gson.stream.JsonWriter::string (171 bytes)
Total: 1

VM state: not at safepoint (normal execution)

VM Mutex/Monitor currently owned by a thread: None

Heap address: 0x0000000080000000, size: 2048 MB, Compressed Oops mode: 32-bit

CDS archive(s) mapped at: [0x0000020db4000000-0x0000020db4ba0000-0x0000020db4ba0000), size 12189696, SharedBaseAddress: 0x0000020db4000000, ArchiveRelocationMode: 1.
Compressed class space mapped at: 0x0000020db5000000-0x0000020df5000000, reserved size: 1073741824
Narrow klass base: 0x0000020db4000000, Narrow klass shift: 0, Narrow klass range: 0x100000000

GC Precious Log:
 CardTable entry size: 512
 CPUs: 16 total, 16 available
 Memory: 16004M
 Large Page Support: Disabled
 NUMA Support: Disabled
 Compressed Oops: Enabled (32-bit)
 Alignments: Space 512K, Generation 512K, Heap 2M
 Heap Min Capacity: 100M
 Heap Initial Capacity: 100M
 Heap Max Capacity: 2G
 Pre-touch: Disabled
 Parallel Workers: 13

Heap:
 PSYoungGen      total 22528K, used 2732K [0x00000000d5580000, 0x00000000d6f00000, 0x0000000100000000)
  eden space 22016K, 10% used [0x00000000d5580000,0x00000000d57c31c8,0x00000000d6b00000)
  from space 512K, 81% used [0x00000000d6e80000,0x00000000d6ee8000,0x00000000d6f00000)
  to   space 512K, 0% used [0x00000000d6e00000,0x00000000d6e00000,0x00000000d6e80000)
 ParOldGen       total 68608K, used 41762K [0x0000000080000000, 0x0000000084300000, 0x00000000d5580000)
  object space 68608K, 60% used [0x0000000080000000,0x00000000828c89f0,0x0000000084300000)
 Metaspace       used 63987K, committed 65472K, reserved 1114112K
  class space    used 8055K, committed 8768K, reserved 1048576K

Card table byte_map: [0x0000020d9c5f0000,0x0000020d9ca00000] _byte_map_base: 0x0000020d9c1f0000

Marking Bits: (ParMarkBitMap*) 0x00007ffcf53a3450
 Begin Bits: [0x0000020daf100000, 0x0000020db1100000)
 End Bits:   [0x0000020db1100000, 0x0000020db3100000)

Polling page: 0x0000020d9aa90000

Metaspace:

Usage:
  Non-class:     54.62 MB used.
      Class:      7.87 MB used.
       Both:     62.49 MB used.

Virtual space:
  Non-class space:       64.00 MB reserved,      55.38 MB ( 87%) committed,  1 nodes.
      Class space:        1.00 GB reserved,       8.56 MB ( <1%) committed,  1 nodes.
             Both:        1.06 GB reserved,      63.94 MB (  6%) committed. 

Chunk freelists:
   Non-Class:  8.01 MB
       Class:  7.50 MB
        Both:  15.51 MB

MaxMetaspaceSize: unlimited
CompressedClassSpaceSize: 1.00 GB
Initial GC threshold: 21.00 MB
Current GC threshold: 97.31 MB
CDS: on
 - commit_granule_bytes: 65536.
 - commit_granule_words: 8192.
 - virtual_space_node_default_size: 8388608.
 - enlarge_chunks_in_place: 1.
 - use_allocation_guard: 0.


Internal statistics:

num_allocs_failed_limit: 11.
num_arena_births: 1168.
num_arena_deaths: 14.
num_vsnodes_births: 2.
num_vsnodes_deaths: 0.
num_space_committed: 1023.
num_space_uncommitted: 0.
num_chunks_returned_to_freelist: 25.
num_chunks_taken_from_freelist: 4069.
num_chunk_merges: 17.
num_chunk_splits: 2526.
num_chunks_enlarged: 1452.
num_inconsistent_stats: 0.

CodeHeap 'non-profiled nmethods': size=119168Kb used=5292Kb max_used=5292Kb free=113875Kb
 bounds [0x0000020da79f0000, 0x0000020da7f20000, 0x0000020daee50000]
CodeHeap 'profiled nmethods': size=119104Kb used=15287Kb max_used=15287Kb free=103817Kb
 bounds [0x0000020d9fe50000, 0x0000020da0d40000, 0x0000020da72a0000]
CodeHeap 'non-nmethods': size=7488Kb used=1387Kb max_used=3128Kb free=6100Kb
 bounds [0x0000020da72a0000, 0x0000020da7620000, 0x0000020da79f0000]
CodeCache: size=245760Kb, used=21966Kb, max_used=23707Kb, free=223792Kb
 total_blobs=8123, nmethods=7431, adapters=598, full_count=0
Compilation: enabled, stopped_count=0, restarted_count=0

Compilation events (20 events):
Event: 94.464 Thread 0x0000020d9cd00580 nmethod 8211 0x0000020da7f0a990 code [0x0000020da7f0aba0, 0x0000020da7f0b4f8]
Event: 94.465 Thread 0x0000020d9cd00580 8212   !   4       java.io.ObjectStreamClass::readNonProxy (395 bytes)
Event: 94.672 Thread 0x0000020d9cd00580 nmethod 8212 0x0000020da7f0bc90 code [0x0000020da7f0c220, 0x0000020da7f0ffa0]
Event: 94.673 Thread 0x0000020d9cd00580 8213   !   4       java.io.ObjectInputStream::readOrdinaryObject (373 bytes)
Event: 94.728 Thread 0x0000020d9cd00580 nmethod 8213 0x0000020da7f12f10 code [0x0000020da7f13260, 0x0000020da7f14590]
Event: 94.728 Thread 0x0000020d9cd00580 8214       4       java.io.ObjectStreamClass::initNonProxy (628 bytes)
Event: 94.840 Thread 0x0000020d9cd00580 nmethod 8214 0x0000020da7f15790 code [0x0000020da7f15ae0, 0x0000020da7f17530]
Event: 94.924 Thread 0x0000020d9cd00580 8215       4       java.lang.reflect.AccessibleObject::checkCanSetAccessible (195 bytes)
Event: 94.931 Thread 0x0000020d9cd00580 nmethod 8215 0x0000020da7f18890 code [0x0000020da7f18aa0, 0x0000020da7f18ea8]
Event: 95.010 Thread 0x0000020d9cd00580 8216       4       jdk.internal.reflect.DirectMethodHandleAccessor::checkArgumentCount (53 bytes)
Event: 95.012 Thread 0x0000020d9cd00580 nmethod 8216 0x0000020da7f19290 code [0x0000020da7f19420, 0x0000020da7f194b8]
Event: 95.183 Thread 0x0000020d9cd00580 8217   !   4       jdk.internal.reflect.DirectMethodHandleAccessor::invoke (92 bytes)
Event: 95.204 Thread 0x0000020d9cd00580 nmethod 8217 0x0000020da7f19590 code [0x0000020da7f19880, 0x0000020da7f1a218]
Event: 95.573 Thread 0x0000020d9cd00580 8218       4       org.gradle.internal.build.event.types.DefaultOperationDescriptor::getId (5 bytes)
Event: 95.573 Thread 0x0000020d9cd00580 nmethod 8218 0x0000020da7f1ac10 code [0x0000020da7f1ada0, 0x0000020da7f1ae30]
Event: 95.721 Thread 0x0000020d9cd00580 8219       4       java.util.concurrent.atomic.AtomicLong::compareAndSet (13 bytes)
Event: 95.722 Thread 0x0000020d9cd00580 nmethod 8219 0x0000020da7f1af10 code [0x0000020da7f1b0a0, 0x0000020da7f1b140]
Event: 95.804 Thread 0x0000020d9cd00580 8220       4       com.google.gson.stream.JsonWriter::string (171 bytes)
Event: 95.847 Thread 0x0000020df5a4e8d0 8221   !   3       java.io.ObjectInputStream$BlockDataInputStream::readUTFSpan (502 bytes)
Event: 95.849 Thread 0x0000020df5a4e8d0 nmethod 8221 0x0000020da0d3b110 code [0x0000020da0d3b3c0, 0x0000020da0d3c128]

GC Heap History (20 events):
Event: 48.043 GC heap before
{Heap before GC invocations=36 (full 3):
 PSYoungGen      total 22528K, used 22496K [0x00000000d5580000, 0x00000000d7080000, 0x0000000100000000)
  eden space 22016K, 100% used [0x00000000d5580000,0x00000000d6b00000,0x00000000d6b00000)
  from space 512K, 93% used [0x00000000d7000000,0x00000000d70782a0,0x00000000d7080000)
  to   space 1024K, 0% used [0x00000000d6e80000,0x00000000d6e80000,0x00000000d6f80000)
 ParOldGen       total 68608K, used 40322K [0x0000000080000000, 0x0000000084300000, 0x00000000d5580000)
  object space 68608K, 58% used [0x0000000080000000,0x0000000082760918,0x0000000084300000)
 Metaspace       used 61577K, committed 62976K, reserved 1114112K
  class space    used 7739K, committed 8384K, reserved 1048576K
}
Event: 48.044 GC heap after
{Heap after GC invocations=36 (full 3):
 PSYoungGen      total 23040K, used 684K [0x00000000d5580000, 0x00000000d7080000, 0x0000000100000000)
  eden space 22016K, 0% used [0x00000000d5580000,0x00000000d5580000,0x00000000d6b00000)
  from space 1024K, 66% used [0x00000000d6e80000,0x00000000d6f2b160,0x00000000d6f80000)
  to   space 1024K, 0% used [0x00000000d6f80000,0x00000000d6f80000,0x00000000d7080000)
 ParOldGen       total 68608K, used 40466K [0x0000000080000000, 0x0000000084300000, 0x00000000d5580000)
  object space 68608K, 58% used [0x0000000080000000,0x0000000082784918,0x0000000084300000)
 Metaspace       used 61577K, committed 62976K, reserved 1114112K
  class space    used 7739K, committed 8384K, reserved 1048576K
}
Event: 48.538 GC heap before
{Heap before GC invocations=37 (full 3):
 PSYoungGen      total 23040K, used 22700K [0x00000000d5580000, 0x00000000d7080000, 0x0000000100000000)
  eden space 22016K, 100% used [0x00000000d5580000,0x00000000d6b00000,0x00000000d6b00000)
  from space 1024K, 66% used [0x00000000d6e80000,0x00000000d6f2b160,0x00000000d6f80000)
  to   space 1024K, 0% used [0x00000000d6f80000,0x00000000d6f80000,0x00000000d7080000)
 ParOldGen       total 68608K, used 40466K [0x0000000080000000, 0x0000000084300000, 0x00000000d5580000)
  object space 68608K, 58% used [0x0000000080000000,0x0000000082784918,0x0000000084300000)
 Metaspace       used 61577K, committed 62976K, reserved 1114112K
  class space    used 7739K, committed 8384K, reserved 1048576K
}
Event: 48.539 GC heap after
{Heap after GC invocations=37 (full 3):
 PSYoungGen      total 23040K, used 685K [0x00000000d5580000, 0x00000000d7080000, 0x0000000100000000)
  eden space 22016K, 0% used [0x00000000d5580000,0x00000000d5580000,0x00000000d6b00000)
  from space 1024K, 66% used [0x00000000d6f80000,0x00000000d702b6d8,0x00000000d7080000)
  to   space 1024K, 0% used [0x00000000d6e80000,0x00000000d6e80000,0x00000000d6f80000)
 ParOldGen       total 68608K, used 40506K [0x0000000080000000, 0x0000000084300000, 0x00000000d5580000)
  object space 68608K, 59% used [0x0000000080000000,0x000000008278e918,0x0000000084300000)
 Metaspace       used 61577K, committed 62976K, reserved 1114112K
  class space    used 7739K, committed 8384K, reserved 1048576K
}
Event: 48.968 GC heap before
{Heap before GC invocations=38 (full 3):
 PSYoungGen      total 23040K, used 22701K [0x00000000d5580000, 0x00000000d7080000, 0x0000000100000000)
  eden space 22016K, 100% used [0x00000000d5580000,0x00000000d6b00000,0x00000000d6b00000)
  from space 1024K, 66% used [0x00000000d6f80000,0x00000000d702b6d8,0x00000000d7080000)
  to   space 1024K, 0% used [0x00000000d6e80000,0x00000000d6e80000,0x00000000d6f80000)
 ParOldGen       total 68608K, used 40506K [0x0000000080000000, 0x0000000084300000, 0x00000000d5580000)
  object space 68608K, 59% used [0x0000000080000000,0x000000008278e918,0x0000000084300000)
 Metaspace       used 61577K, committed 62976K, reserved 1114112K
  class space    used 7739K, committed 8384K, reserved 1048576K
}
Event: 48.970 GC heap after
{Heap after GC invocations=38 (full 3):
 PSYoungGen      total 22528K, used 420K [0x00000000d5580000, 0x00000000d7000000, 0x0000000100000000)
  eden space 22016K, 0% used [0x00000000d5580000,0x00000000d5580000,0x00000000d6b00000)
  from space 512K, 82% used [0x00000000d6e80000,0x00000000d6ee9390,0x00000000d6f00000)
  to   space 1024K, 0% used [0x00000000d6f00000,0x00000000d6f00000,0x00000000d7000000)
 ParOldGen       total 68608K, used 40530K [0x0000000080000000, 0x0000000084300000, 0x00000000d5580000)
  object space 68608K, 59% used [0x0000000080000000,0x0000000082794918,0x0000000084300000)
 Metaspace       used 61577K, committed 62976K, reserved 1114112K
  class space    used 7739K, committed 8384K, reserved 1048576K
}
Event: 49.396 GC heap before
{Heap before GC invocations=39 (full 3):
 PSYoungGen      total 22528K, used 22436K [0x00000000d5580000, 0x00000000d7000000, 0x0000000100000000)
  eden space 22016K, 100% used [0x00000000d5580000,0x00000000d6b00000,0x00000000d6b00000)
  from space 512K, 82% used [0x00000000d6e80000,0x00000000d6ee9390,0x00000000d6f00000)
  to   space 1024K, 0% used [0x00000000d6f00000,0x00000000d6f00000,0x00000000d7000000)
 ParOldGen       total 68608K, used 40530K [0x0000000080000000, 0x0000000084300000, 0x00000000d5580000)
  object space 68608K, 59% used [0x0000000080000000,0x0000000082794918,0x0000000084300000)
 Metaspace       used 61577K, committed 62976K, reserved 1114112K
  class space    used 7739K, committed 8384K, reserved 1048576K
}
Event: 49.397 GC heap after
{Heap after GC invocations=39 (full 3):
 PSYoungGen      total 22528K, used 288K [0x00000000d5580000, 0x00000000d6f80000, 0x0000000100000000)
  eden space 22016K, 0% used [0x00000000d5580000,0x00000000d5580000,0x00000000d6b00000)
  from space 512K, 56% used [0x00000000d6f00000,0x00000000d6f48000,0x00000000d6f80000)
  to   space 512K, 0% used [0x00000000d6e80000,0x00000000d6e80000,0x00000000d6f00000)
 ParOldGen       total 68608K, used 40562K [0x0000000080000000, 0x0000000084300000, 0x00000000d5580000)
  object space 68608K, 59% used [0x0000000080000000,0x000000008279c918,0x0000000084300000)
 Metaspace       used 61577K, committed 62976K, reserved 1114112K
  class space    used 7739K, committed 8384K, reserved 1048576K
}
Event: 49.812 GC heap before
{Heap before GC invocations=40 (full 3):
 PSYoungGen      total 22528K, used 22300K [0x00000000d5580000, 0x00000000d6f80000, 0x0000000100000000)
  eden space 22016K, 99% used [0x00000000d5580000,0x00000000d6aff118,0x00000000d6b00000)
  from space 512K, 56% used [0x00000000d6f00000,0x00000000d6f48000,0x00000000d6f80000)
  to   space 512K, 0% used [0x00000000d6e80000,0x00000000d6e80000,0x00000000d6f00000)
 ParOldGen       total 68608K, used 40562K [0x0000000080000000, 0x0000000084300000, 0x00000000d5580000)
  object space 68608K, 59% used [0x0000000080000000,0x000000008279c918,0x0000000084300000)
 Metaspace       used 61577K, committed 62976K, reserved 1114112K
  class space    used 7739K, committed 8384K, reserved 1048576K
}
Event: 49.813 GC heap after
{Heap after GC invocations=40 (full 3):
 PSYoungGen      total 22528K, used 397K [0x00000000d5580000, 0x00000000d6f80000, 0x0000000100000000)
  eden space 22016K, 0% used [0x00000000d5580000,0x00000000d5580000,0x00000000d6b00000)
  from space 512K, 77% used [0x00000000d6e80000,0x00000000d6ee3420,0x00000000d6f00000)
  to   space 512K, 0% used [0x00000000d6f00000,0x00000000d6f00000,0x00000000d6f80000)
 ParOldGen       total 68608K, used 40602K [0x0000000080000000, 0x0000000084300000, 0x00000000d5580000)
  object space 68608K, 59% used [0x0000000080000000,0x00000000827a6918,0x0000000084300000)
 Metaspace       used 61577K, committed 62976K, reserved 1114112K
  class space    used 7739K, committed 8384K, reserved 1048576K
}
Event: 50.205 GC heap before
{Heap before GC invocations=41 (full 3):
 PSYoungGen      total 22528K, used 22413K [0x00000000d5580000, 0x00000000d6f80000, 0x0000000100000000)
  eden space 22016K, 100% used [0x00000000d5580000,0x00000000d6b00000,0x00000000d6b00000)
  from space 512K, 77% used [0x00000000d6e80000,0x00000000d6ee3420,0x00000000d6f00000)
  to   space 512K, 0% used [0x00000000d6f00000,0x00000000d6f00000,0x00000000d6f80000)
 ParOldGen       total 68608K, used 40602K [0x0000000080000000, 0x0000000084300000, 0x00000000d5580000)
  object space 68608K, 59% used [0x0000000080000000,0x00000000827a6918,0x0000000084300000)
 Metaspace       used 61577K, committed 62976K, reserved 1114112K
  class space    used 7739K, committed 8384K, reserved 1048576K
}
Event: 50.206 GC heap after
{Heap after GC invocations=41 (full 3):
 PSYoungGen      total 22528K, used 261K [0x00000000d5580000, 0x00000000d6f80000, 0x0000000100000000)
  eden space 22016K, 0% used [0x00000000d5580000,0x00000000d5580000,0x00000000d6b00000)
  from space 512K, 51% used [0x00000000d6f00000,0x00000000d6f414d8,0x00000000d6f80000)
  to   space 512K, 0% used [0x00000000d6e80000,0x00000000d6e80000,0x00000000d6f00000)
 ParOldGen       total 68608K, used 40618K [0x0000000080000000, 0x0000000084300000, 0x00000000d5580000)
  object space 68608K, 59% used [0x0000000080000000,0x00000000827aa918,0x0000000084300000)
 Metaspace       used 61577K, committed 62976K, reserved 1114112K
  class space    used 7739K, committed 8384K, reserved 1048576K
}
Event: 50.620 GC heap before
{Heap before GC invocations=42 (full 3):
 PSYoungGen      total 22528K, used 22277K [0x00000000d5580000, 0x00000000d6f80000, 0x0000000100000000)
  eden space 22016K, 100% used [0x00000000d5580000,0x00000000d6b00000,0x00000000d6b00000)
  from space 512K, 51% used [0x00000000d6f00000,0x00000000d6f414d8,0x00000000d6f80000)
  to   space 512K, 0% used [0x00000000d6e80000,0x00000000d6e80000,0x00000000d6f00000)
 ParOldGen       total 68608K, used 40618K [0x0000000080000000, 0x0000000084300000, 0x00000000d5580000)
  object space 68608K, 59% used [0x0000000080000000,0x00000000827aa918,0x0000000084300000)
 Metaspace       used 61616K, committed 63040K, reserved 1114112K
  class space    used 7747K, committed 8384K, reserved 1048576K
}
Event: 50.621 GC heap after
{Heap after GC invocations=42 (full 3):
 PSYoungGen      total 22528K, used 416K [0x00000000d5580000, 0x00000000d6f80000, 0x0000000100000000)
  eden space 22016K, 0% used [0x00000000d5580000,0x00000000d5580000,0x00000000d6b00000)
  from space 512K, 81% used [0x00000000d6e80000,0x00000000d6ee8000,0x00000000d6f00000)
  to   space 512K, 0% used [0x00000000d6f00000,0x00000000d6f00000,0x00000000d6f80000)
 ParOldGen       total 68608K, used 40642K [0x0000000080000000, 0x0000000084300000, 0x00000000d5580000)
  object space 68608K, 59% used [0x0000000080000000,0x00000000827b0918,0x0000000084300000)
 Metaspace       used 61616K, committed 63040K, reserved 1114112K
  class space    used 7747K, committed 8384K, reserved 1048576K
}
Event: 56.865 GC heap before
{Heap before GC invocations=43 (full 3):
 PSYoungGen      total 22528K, used 22432K [0x00000000d5580000, 0x00000000d6f80000, 0x0000000100000000)
  eden space 22016K, 100% used [0x00000000d5580000,0x00000000d6b00000,0x00000000d6b00000)
  from space 512K, 81% used [0x00000000d6e80000,0x00000000d6ee8000,0x00000000d6f00000)
  to   space 512K, 0% used [0x00000000d6f00000,0x00000000d6f00000,0x00000000d6f80000)
 ParOldGen       total 68608K, used 40642K [0x0000000080000000, 0x0000000084300000, 0x00000000d5580000)
  object space 68608K, 59% used [0x0000000080000000,0x00000000827b0918,0x0000000084300000)
 Metaspace       used 63434K, committed 64832K, reserved 1114112K
  class space    used 8018K, committed 8704K, reserved 1048576K
}
Event: 56.869 GC heap after
{Heap after GC invocations=43 (full 3):
 PSYoungGen      total 22528K, used 512K [0x00000000d5580000, 0x00000000d6f80000, 0x0000000100000000)
  eden space 22016K, 0% used [0x00000000d5580000,0x00000000d5580000,0x00000000d6b00000)
  from space 512K, 100% used [0x00000000d6f00000,0x00000000d6f80000,0x00000000d6f80000)
  to   space 1024K, 0% used [0x00000000d6d80000,0x00000000d6d80000,0x00000000d6e80000)
 ParOldGen       total 68608K, used 41010K [0x0000000080000000, 0x0000000084300000, 0x00000000d5580000)
  object space 68608K, 59% used [0x0000000080000000,0x000000008280c9b0,0x0000000084300000)
 Metaspace       used 63434K, committed 64832K, reserved 1114112K
  class space    used 8018K, committed 8704K, reserved 1048576K
}
Event: 83.839 GC heap before
{Heap before GC invocations=44 (full 3):
 PSYoungGen      total 22528K, used 22528K [0x00000000d5580000, 0x00000000d6f80000, 0x0000000100000000)
  eden space 22016K, 100% used [0x00000000d5580000,0x00000000d6b00000,0x00000000d6b00000)
  from space 512K, 100% used [0x00000000d6f00000,0x00000000d6f80000,0x00000000d6f80000)
  to   space 1024K, 0% used [0x00000000d6d80000,0x00000000d6d80000,0x00000000d6e80000)
 ParOldGen       total 68608K, used 41010K [0x0000000080000000, 0x0000000084300000, 0x00000000d5580000)
  object space 68608K, 59% used [0x0000000080000000,0x000000008280c9b0,0x0000000084300000)
 Metaspace       used 63844K, committed 65280K, reserved 1114112K
  class space    used 8032K, committed 8704K, reserved 1048576K
}
Event: 83.841 GC heap after
{Heap after GC invocations=44 (full 3):
 PSYoungGen      total 23040K, used 432K [0x00000000d5580000, 0x00000000d6f80000, 0x0000000100000000)
  eden space 22016K, 0% used [0x00000000d5580000,0x00000000d5580000,0x00000000d6b00000)
  from space 1024K, 42% used [0x00000000d6d80000,0x00000000d6dec010,0x00000000d6e80000)
  to   space 1024K, 0% used [0x00000000d6e80000,0x00000000d6e80000,0x00000000d6f80000)
 ParOldGen       total 68608K, used 41586K [0x0000000080000000, 0x0000000084300000, 0x00000000d5580000)
  object space 68608K, 60% used [0x0000000080000000,0x000000008289c9b0,0x0000000084300000)
 Metaspace       used 63844K, committed 65280K, reserved 1114112K
  class space    used 8032K, committed 8704K, reserved 1048576K
}
Event: 95.570 GC heap before
{Heap before GC invocations=45 (full 3):
 PSYoungGen      total 23040K, used 22448K [0x00000000d5580000, 0x00000000d6f80000, 0x0000000100000000)
  eden space 22016K, 100% used [0x00000000d5580000,0x00000000d6b00000,0x00000000d6b00000)
  from space 1024K, 42% used [0x00000000d6d80000,0x00000000d6dec010,0x00000000d6e80000)
  to   space 1024K, 0% used [0x00000000d6e80000,0x00000000d6e80000,0x00000000d6f80000)
 ParOldGen       total 68608K, used 41586K [0x0000000080000000, 0x0000000084300000, 0x00000000d5580000)
  object space 68608K, 60% used [0x0000000080000000,0x000000008289c9b0,0x0000000084300000)
 Metaspace       used 63971K, committed 65408K, reserved 1114112K
  class space    used 8052K, committed 8704K, reserved 1048576K
}
Event: 95.572 GC heap after
{Heap after GC invocations=45 (full 3):
 PSYoungGen      total 22528K, used 416K [0x00000000d5580000, 0x00000000d6f00000, 0x0000000100000000)
  eden space 22016K, 0% used [0x00000000d5580000,0x00000000d5580000,0x00000000d6b00000)
  from space 512K, 81% used [0x00000000d6e80000,0x00000000d6ee8000,0x00000000d6f00000)
  to   space 512K, 0% used [0x00000000d6e00000,0x00000000d6e00000,0x00000000d6e80000)
 ParOldGen       total 68608K, used 41762K [0x0000000080000000, 0x0000000084300000, 0x00000000d5580000)
  object space 68608K, 60% used [0x0000000080000000,0x00000000828c89f0,0x0000000084300000)
 Metaspace       used 63971K, committed 65408K, reserved 1114112K
  class space    used 8052K, committed 8704K, reserved 1048576K
}

Dll operation events (15 events):
Event: 0.027 Loaded shared library c:\Users\ASUS\.vscode\extensions\redhat.java-1.53.0-win32-x64\jre\21.0.10-win32-x86_64\bin\java.dll
Event: 0.186 Loaded shared library c:\Users\ASUS\.vscode\extensions\redhat.java-1.53.0-win32-x64\jre\21.0.10-win32-x86_64\bin\zip.dll
Event: 0.239 Loaded shared library C:\Users\ASUS\.vscode\extensions\redhat.java-1.53.0-win32-x64\jre\21.0.10-win32-x86_64\bin\instrument.dll
Event: 0.250 Loaded shared library C:\Users\ASUS\.vscode\extensions\redhat.java-1.53.0-win32-x64\jre\21.0.10-win32-x86_64\bin\net.dll
Event: 0.256 Loaded shared library C:\Users\ASUS\.vscode\extensions\redhat.java-1.53.0-win32-x64\jre\21.0.10-win32-x86_64\bin\nio.dll
Event: 0.262 Loaded shared library C:\Users\ASUS\.vscode\extensions\redhat.java-1.53.0-win32-x64\jre\21.0.10-win32-x86_64\bin\zip.dll
Event: 0.301 Loaded shared library C:\Users\ASUS\.vscode\extensions\redhat.java-1.53.0-win32-x64\jre\21.0.10-win32-x86_64\bin\jimage.dll
Event: 0.461 Loaded shared library c:\Users\ASUS\.vscode\extensions\redhat.java-1.53.0-win32-x64\jre\21.0.10-win32-x86_64\bin\verify.dll
Event: 9.419 Loaded shared library C:\Users\ASUS\AppData\Roaming\Code\User\globalStorage\redhat.java\1.53.0\config_win\org.eclipse.equinox.launcher\org.eclipse.equinox.launcher.win32.win32.x86_64_1.3.0.v20260203-2149\eclipse_11919.dll
Event: 26.360 Loaded shared library C:\Users\ASUS\AppData\Local\Temp\jna-2018896\jna18207887131813311790.dll
Event: 36.329 Loaded shared library D:\.gradle\native\c067742578af261105cb4f569cf0c3c89f3d7b1fecec35dd04571415982c5e48\windows-amd64\native-platform.dll
Event: 40.247 Loaded shared library C:\Users\ASUS\.vscode\extensions\redhat.java-1.53.0-win32-x64\jre\21.0.10-win32-x86_64\bin\management.dll
Event: 40.265 Loaded shared library C:\Users\ASUS\.vscode\extensions\redhat.java-1.53.0-win32-x64\jre\21.0.10-win32-x86_64\bin\management_ext.dll
Event: 50.753 Loaded shared library C:\Users\ASUS\.vscode\extensions\redhat.java-1.53.0-win32-x64\jre\21.0.10-win32-x86_64\bin\extnet.dll
Event: 54.090 Loaded shared library C:\Users\ASUS\.vscode\extensions\redhat.java-1.53.0-win32-x64\jre\21.0.10-win32-x86_64\bin\sunmscapi.dll

Deoptimization events (20 events):
Event: 87.721 Thread 0x0000020d80bb9c60 Uncommon trap: trap_request=0xffffff45 fr.pc=0x0000020da7eef11c relative=0x000000000000031c
Event: 87.721 Thread 0x0000020d80bb9c60 Uncommon trap: reason=unstable_if action=reinterpret pc=0x0000020da7eef11c method=java.io.ObjectStreamClass$FieldReflector.setObjFieldValues(Ljava/lang/Object;[Ljava/lang/Object;Z)V @ 56 c2
Event: 87.725 Thread 0x0000020d80bb9c60 DEOPT PACKING pc=0x0000020da7eef11c sp=0x000000594c7fd1e0
Event: 87.725 Thread 0x0000020d80bb9c60 DEOPT UNPACKING pc=0x0000020da72f3aa2 sp=0x000000594c7fd010 mode 2
Event: 87.726 Thread 0x0000020d80bb9c60 Uncommon trap: trap_request=0xffffffbe fr.pc=0x0000020da7eee73c relative=0x000000000000027c
Event: 87.726 Thread 0x0000020d80bb9c60 Uncommon trap: reason=profile_predicate action=maybe_recompile pc=0x0000020da7eee73c method=java.io.ObjectStreamClass$FieldReflector.setPrimFieldValues(Ljava/lang/Object;[B)V @ 19 c2
Event: 87.726 Thread 0x0000020d80bb9c60 DEOPT PACKING pc=0x0000020da7eee73c sp=0x000000594c7fd600
Event: 87.726 Thread 0x0000020d80bb9c60 DEOPT UNPACKING pc=0x0000020da72f3aa2 sp=0x000000594c7fd5a8 mode 2
Event: 87.726 Thread 0x0000020d80bb9c60 Uncommon trap: trap_request=0xffffffbe fr.pc=0x0000020da7eee73c relative=0x000000000000027c
Event: 87.726 Thread 0x0000020d80bb9c60 Uncommon trap: reason=profile_predicate action=maybe_recompile pc=0x0000020da7eee73c method=java.io.ObjectStreamClass$FieldReflector.setPrimFieldValues(Ljava/lang/Object;[B)V @ 19 c2
Event: 87.726 Thread 0x0000020d80bb9c60 DEOPT PACKING pc=0x0000020da7eee73c sp=0x000000594c7fd600
Event: 87.726 Thread 0x0000020d80bb9c60 DEOPT UNPACKING pc=0x0000020da72f3aa2 sp=0x000000594c7fd5a8 mode 2
Event: 90.109 Thread 0x0000020d80bb9c60 Uncommon trap: trap_request=0xffffffbe fr.pc=0x0000020da7eee73c relative=0x000000000000027c
Event: 90.109 Thread 0x0000020d80bb9c60 Uncommon trap: reason=profile_predicate action=maybe_recompile pc=0x0000020da7eee73c method=java.io.ObjectStreamClass$FieldReflector.setPrimFieldValues(Ljava/lang/Object;[B)V @ 19 c2
Event: 90.109 Thread 0x0000020d80bb9c60 DEOPT PACKING pc=0x0000020da7eee73c sp=0x000000594c7fd660
Event: 90.109 Thread 0x0000020d80bb9c60 DEOPT UNPACKING pc=0x0000020da72f3aa2 sp=0x000000594c7fd5f0 mode 2
Event: 95.846 Thread 0x0000020d80bb9c60 Uncommon trap: trap_request=0xffffff45 fr.pc=0x0000020da7e98810 relative=0x0000000000000710
Event: 95.846 Thread 0x0000020d80bb9c60 Uncommon trap: reason=unstable_if action=reinterpret pc=0x0000020da7e98810 method=java.io.ObjectInputStream$BlockDataInputStream.readUTFSpan(Ljava/lang/StringBuilder;J)J @ 35 c2
Event: 95.846 Thread 0x0000020d80bb9c60 DEOPT PACKING pc=0x0000020da7e98810 sp=0x000000594c7fd420
Event: 95.846 Thread 0x0000020d80bb9c60 DEOPT UNPACKING pc=0x0000020da72f3aa2 sp=0x000000594c7fd390 mode 2

Classes loaded (20 events):
Event: 54.246 Loading class java/io/ObjectStreamClass$5
Event: 54.247 Loading class java/io/ObjectStreamClass$5 done
Event: 54.289 Loading class java/nio/channels/spi/AbstractSelector$1
Event: 54.289 Loading class java/nio/channels/spi/AbstractSelector$1 done
Event: 54.557 Loading class java/util/concurrent/Executors$AutoShutdownDelegatedExecutorService
Event: 54.557 Loading class java/util/concurrent/Executors$AutoShutdownDelegatedExecutorService done
Event: 56.497 Loading class sun/net/ConnectionResetException
Event: 56.497 Loading class sun/net/ConnectionResetException done
Event: 56.558 Loading class sun/misc/SharedSecrets
Event: 56.558 Loading class sun/misc/SharedSecrets done
Event: 56.558 Loading class java/lang/Throwable$WrappedPrintWriter
Event: 56.558 Loading class java/lang/Throwable$PrintStreamOrWriter
Event: 56.558 Loading class java/lang/Throwable$PrintStreamOrWriter done
Event: 56.558 Loading class java/lang/Throwable$WrappedPrintWriter done
Event: 56.755 Loading class java/security/DigestInputStream
Event: 56.756 Loading class java/security/DigestInputStream done
Event: 62.301 Loading class java/lang/UnsupportedClassVersionError
Event: 62.301 Loading class java/lang/UnsupportedClassVersionError done
Event: 85.987 Loading class java/time/Ser
Event: 85.987 Loading class java/time/Ser done

Classes unloaded (7 events):
Event: 28.083 Thread 0x0000020df5a24ba0 Unloading class 0x0000020db51a8c00 'java/lang/invoke/LambdaForm$MH+0x0000020db51a8c00'
Event: 28.083 Thread 0x0000020df5a24ba0 Unloading class 0x0000020db51a8800 'java/lang/invoke/LambdaForm$MH+0x0000020db51a8800'
Event: 28.083 Thread 0x0000020df5a24ba0 Unloading class 0x0000020db51a8400 'java/lang/invoke/LambdaForm$MH+0x0000020db51a8400'
Event: 28.083 Thread 0x0000020df5a24ba0 Unloading class 0x0000020db51a8000 'java/lang/invoke/LambdaForm$MH+0x0000020db51a8000'
Event: 28.083 Thread 0x0000020df5a24ba0 Unloading class 0x0000020db51a7c00 'java/lang/invoke/LambdaForm$BMH+0x0000020db51a7c00'
Event: 28.083 Thread 0x0000020df5a24ba0 Unloading class 0x0000020db51a7800 'java/lang/invoke/LambdaForm$DMH+0x0000020db51a7800'
Event: 28.083 Thread 0x0000020df5a24ba0 Unloading class 0x0000020db51a6400 'java/lang/invoke/LambdaForm$DMH+0x0000020db51a6400'

Classes redefined (0 events):
No events

Internal exceptions (20 events):
Event: 62.325 Thread 0x0000020d80bb9c60 Exception <a 'java/lang/NoSuchMethodError'{0x00000000d5a4d738}: static Lorg/gradle/internal/operations/OperationIdentifier;.<clinit>()V> (0x00000000d5a4d738) 
thrown [s\src\hotspot\share\prims\jni.cpp, line 1111]
Event: 64.855 Thread 0x0000020d80bb9c60 Exception <a 'java/lang/NoSuchMethodError'{0x00000000d5ab3a70}: static Lorg/gradle/internal/build/event/types/DefaultOperationFinishedProgressEvent;.<clinit>()V> (0x00000000d5ab3a70) 
thrown [s\src\hotspot\share\prims\jni.cpp, line 1111]
Event: 64.861 Thread 0x0000020d80bb9c60 Exception <a 'java/lang/NoSuchMethodError'{0x00000000d5aca630}: static Lorg/gradle/internal/build/event/types/AbstractResult;.<clinit>()V> (0x00000000d5aca630) 
thrown [s\src\hotspot\share\prims\jni.cpp, line 1111]
Event: 64.864 Thread 0x0000020d80bb9c60 Exception <a 'java/lang/NoSuchMethodError'{0x00000000d5ad82d8}: static Lorg/gradle/internal/build/event/types/AbstractOperationResult;.<clinit>()V> (0x00000000d5ad82d8) 
thrown [s\src\hotspot\share\prims\jni.cpp, line 1111]
Event: 64.865 Thread 0x0000020d80bb9c60 Exception <a 'java/lang/NoSuchMethodError'{0x00000000d5ae6308}: static Lorg/gradle/internal/build/event/types/DefaultSuccessResult;.<clinit>()V> (0x00000000d5ae6308) 
thrown [s\src\hotspot\share\prims\jni.cpp, line 1111]
Event: 72.000 Thread 0x0000020d80bb9c60 Exception <a 'java/lang/NoSuchMethodError'{0x00000000d5b8e2f0}: static Lorg/gradle/internal/build/event/types/DefaultBuildPhaseDescriptor;.<clinit>()V> (0x00000000d5b8e2f0) 
thrown [s\src\hotspot\share\prims\jni.cpp, line 1111]
Event: 72.450 Thread 0x0000020d80bb9c60 Exception <a 'java/lang/NoSuchMethodError'{0x00000000d5bde508}: static Lorg/gradle/internal/build/event/types/DefaultProjectConfigurationDescriptor;.<clinit>()V> (0x00000000d5bde508) 
thrown [s\src\hotspot\share\prims\jni.cpp, line 1111]
Event: 85.934 Thread 0x0000020d80bb9c60 Exception <a 'java/lang/NoSuchMethodError'{0x00000000d58a1810}: static Lorg/gradle/internal/build/event/types/AbstractProjectConfigurationResult;.<clinit>()V> (0x00000000d58a1810) 
thrown [s\src\hotspot\share\prims\jni.cpp, line 1111]
Event: 85.967 Thread 0x0000020d80bb9c60 Exception <a 'java/lang/NoSuchMethodError'{0x00000000d58b1240}: static Lorg/gradle/internal/build/event/types/DefaultProjectConfigurationSuccessResult;.<clinit>()V> (0x00000000d58b1240) 
thrown [s\src\hotspot\share\prims\jni.cpp, line 1111]
Event: 85.978 Thread 0x0000020d80bb9c60 Exception <a 'java/lang/NoSuchMethodError'{0x00000000d58ca3c8}: static Lorg/gradle/internal/build/event/types/DefaultPluginApplicationResult;.<clinit>()V> (0x00000000d58ca3c8) 
thrown [s\src\hotspot\share\prims\jni.cpp, line 1111]
Event: 85.986 Thread 0x0000020d80bb9c60 Exception <a 'java/lang/NoSuchMethodError'{0x00000000d58e32d8}: static Lorg/gradle/internal/build/event/types/DefaultBinaryPluginIdentifier;.<clinit>()V> (0x00000000d58e32d8) 
thrown [s\src\hotspot\share\prims\jni.cpp, line 1111]
Event: 86.001 Thread 0x0000020d80bb9c60 Exception <a 'java/lang/NoSuchMethodError'{0x00000000d5902478}: static Lorg/gradle/internal/build/event/types/DefaultScriptPluginIdentifier;.<clinit>()V> (0x00000000d5902478) 
thrown [s\src\hotspot\share\prims\jni.cpp, line 1111]
Event: 87.602 Thread 0x0000020d80bb9c60 Exception <a 'java/lang/NoSuchMethodError'{0x00000000d5a9a660}: static Lorg/gradle/internal/build/event/types/DefaultTaskStartedProgressEvent;.<clinit>()V> (0x00000000d5a9a660) 
thrown [s\src\hotspot\share\prims\jni.cpp, line 1111]
Event: 87.607 Thread 0x0000020d80bb9c60 Exception <a 'java/lang/NoSuchMethodError'{0x00000000d5ab5320}: static Lorg/gradle/internal/build/event/types/DefaultTaskDescriptor;.<clinit>()V> (0x00000000d5ab5320) 
thrown [s\src\hotspot\share\prims\jni.cpp, line 1111]
Event: 87.716 Thread 0x0000020d80bb9c60 Exception <a 'java/lang/NoSuchMethodError'{0x00000000d5b08710}: static Lorg/gradle/internal/build/event/types/DefaultTaskFinishedProgressEvent;.<clinit>()V> (0x00000000d5b08710) 
thrown [s\src\hotspot\share\prims\jni.cpp, line 1111]
Event: 87.719 Thread 0x0000020d80bb9c60 Exception <a 'java/lang/NoSuchMethodError'{0x00000000d5b22568}: static Lorg/gradle/internal/build/event/types/AbstractTaskResult;.<clinit>()V> (0x00000000d5b22568) 
thrown [s\src\hotspot\share\prims\jni.cpp, line 1111]
Event: 87.721 Thread 0x0000020d80bb9c60 Exception <a 'java/lang/NoSuchMethodError'{0x00000000d5b317c0}: static Lorg/gradle/internal/build/event/types/DefaultTaskSuccessResult;.<clinit>()V> (0x00000000d5b317c0) 
thrown [s\src\hotspot\share\prims\jni.cpp, line 1111]
Event: 90.134 Thread 0x0000020d80bb9c60 Exception <a 'java/lang/NoSuchMethodError'{0x00000000d5f62ad8}: static Lorg/gradle/internal/build/event/types/DefaultTaskSkippedResult;.<clinit>()V> (0x00000000d5f62ad8) 
thrown [s\src\hotspot\share\prims\jni.cpp, line 1111]
Event: 95.825 Thread 0x0000020d80bb9c60 Exception <a 'java/lang/NoSuchMethodError'{0x00000000d5746540}: static Lorg/gradle/internal/build/event/types/DefaultFailureResult;.<clinit>()V> (0x00000000d5746540) 
thrown [s\src\hotspot\share\prims\jni.cpp, line 1111]
Event: 95.846 Thread 0x0000020d80bb9c60 Exception <a 'java/lang/NoSuchMethodError'{0x00000000d576bd80}: static Lorg/gradle/internal/build/event/types/DefaultFailure;.<clinit>()V> (0x00000000d576bd80) 
thrown [s\src\hotspot\share\prims\jni.cpp, line 1111]

ZGC Phase Switch (0 events):
No events

VM Operations (20 events):
Event: 87.601 Executing non-safepoint VM operation: HandshakeAllThreads (Deoptimize)
Event: 87.601 Executing non-safepoint VM operation: HandshakeAllThreads (Deoptimize) done
Event: 87.605 Executing non-safepoint VM operation: HandshakeAllThreads (Deoptimize)
Event: 87.605 Executing non-safepoint VM operation: HandshakeAllThreads (Deoptimize) done
Event: 87.710 Executing non-safepoint VM operation: HandshakeAllThreads (Deoptimize)
Event: 87.710 Executing non-safepoint VM operation: HandshakeAllThreads (Deoptimize) done
Event: 87.714 Executing non-safepoint VM operation: HandshakeAllThreads (Deoptimize)
Event: 87.714 Executing non-safepoint VM operation: HandshakeAllThreads (Deoptimize) done
Event: 88.717 Executing safepoint VM operation: Cleanup
Event: 88.717 Executing safepoint VM operation: Cleanup done
Event: 90.744 Executing safepoint VM operation: Cleanup
Event: 90.744 Executing safepoint VM operation: Cleanup done
Event: 92.771 Executing safepoint VM operation: Cleanup
Event: 92.771 Executing safepoint VM operation: Cleanup done
Event: 93.785 Executing safepoint VM operation: Cleanup
Event: 93.785 Executing safepoint VM operation: Cleanup done
Event: 94.799 Executing safepoint VM operation: Cleanup
Event: 94.799 Executing safepoint VM operation: Cleanup done
Event: 95.570 Executing safepoint VM operation: ParallelGCFailedAllocation (Allocation Failure)
Event: 95.572 Executing safepoint VM operation: ParallelGCFailedAllocation (Allocation Failure) done

Memory protections (0 events):
No events

Nmethod flushes (20 events):
Event: 45.794 Thread 0x0000020df5a24ba0 flushing  nmethod 0x0000020da07c3090
Event: 45.794 Thread 0x0000020df5a24ba0 flushing  nmethod 0x0000020da07c3510
Event: 45.794 Thread 0x0000020df5a24ba0 flushing  nmethod 0x0000020da07c3910
Event: 45.794 Thread 0x0000020df5a24ba0 flushing  nmethod 0x0000020da07c4f10
Event: 45.794 Thread 0x0000020df5a24ba0 flushing  nmethod 0x0000020da07c6290
Event: 45.794 Thread 0x0000020df5a24ba0 flushing  nmethod 0x0000020da07c6690
Event: 45.794 Thread 0x0000020df5a24ba0 flushing  nmethod 0x0000020da07c6b10
Event: 45.794 Thread 0x0000020df5a24ba0 flushing  nmethod 0x0000020da07c7110
Event: 45.794 Thread 0x0000020df5a24ba0 flushing  nmethod 0x0000020da07c7590
Event: 45.794 Thread 0x0000020df5a24ba0 flushing  nmethod 0x0000020da07c7b10
Event: 45.794 Thread 0x0000020df5a24ba0 flushing  nmethod 0x0000020da07c8f90
Event: 45.794 Thread 0x0000020df5a24ba0 flushing  nmethod 0x0000020da07c9390
Event: 45.794 Thread 0x0000020df5a24ba0 flushing  nmethod 0x0000020da07cf890
Event: 45.794 Thread 0x0000020df5a24ba0 flushing  nmethod 0x0000020da07cfe90
Event: 45.794 Thread 0x0000020df5a24ba0 flushing  nmethod 0x0000020da07db110
Event: 45.794 Thread 0x0000020df5a24ba0 flushing  nmethod 0x0000020da07f5810
Event: 45.794 Thread 0x0000020df5a24ba0 flushing  nmethod 0x0000020da07f6e10
Event: 45.794 Thread 0x0000020df5a24ba0 flushing  nmethod 0x0000020da07f7e10
Event: 45.794 Thread 0x0000020df5a24ba0 flushing  nmethod 0x0000020da07ff790
Event: 45.794 Thread 0x0000020df5a24ba0 flushing  nmethod 0x0000020da0881d90

Events (20 events):
Event: 56.583 Thread 0x0000020df791b0a0 Thread added: 0x0000020dfe1a3400
Event: 56.587 Thread 0x0000020df791b0a0 Thread added: 0x0000020dfe1a3a90
Event: 56.630 Thread 0x0000020dfe1a3a90 Thread exited: 0x0000020dfe1a3a90
Event: 56.699 Thread 0x0000020df5a4e8d0 Thread added: 0x0000020dfeda5720
Event: 56.699 Thread 0x0000020df5a4e8d0 Thread added: 0x0000020dfeda3510
Event: 56.746 Thread 0x0000020df791b0a0 Thread added: 0x0000020dfe1a3a90
Event: 56.750 Thread 0x0000020df791b0a0 Thread added: 0x0000020d80bb9c60
Event: 56.810 Thread 0x0000020d80bb9c60 Thread added: 0x0000020d80bbc3c0
Event: 56.882 Thread 0x0000020dfeda3510 Thread exited: 0x0000020dfeda3510
Event: 56.950 Thread 0x0000020d80bb9c60 Thread added: 0x0000020d80bba2f0
Event: 56.965 Thread 0x0000020d80bba2f0 Thread added: 0x0000020d80bbb010
Event: 56.967 Thread 0x0000020d80bba2f0 Thread added: 0x0000020d80bbd0e0
Event: 56.968 Thread 0x0000020d80bbb010 Thread exited: 0x0000020d80bbb010
Event: 57.262 Thread 0x0000020dfeda5720 Thread exited: 0x0000020dfeda5720
Event: 59.976 Thread 0x0000020d80bba2f0 Thread exited: 0x0000020d80bba2f0
Event: 59.977 Thread 0x0000020d80bbd0e0 Thread exited: 0x0000020d80bbd0e0
Event: 76.685 Thread 0x0000020df5a4e8d0 Thread added: 0x0000020dfef99d90
Event: 76.685 Thread 0x0000020df5a4e8d0 Thread added: 0x0000020dfef98ff0
Event: 77.548 Thread 0x0000020dfef98ff0 Thread exited: 0x0000020dfef98ff0
Event: 77.561 Thread 0x0000020dfef99d90 Thread exited: 0x0000020dfef99d90


Dynamic libraries:
0x00007ff7e8bc0000 - 0x00007ff7e8bce000 	c:\Users\ASUS\.vscode\extensions\redhat.java-1.53.0-win32-x64\jre\21.0.10-win32-x86_64\bin\java.exe
0x00007ffdf8a00000 - 0x00007ffdf8c68000 	C:\WINDOWS\SYSTEM32\ntdll.dll
0x00007ffdf7a40000 - 0x00007ffdf7b09000 	C:\WINDOWS\System32\KERNEL32.DLL
0x00007ffdf5540000 - 0x00007ffdf5931000 	C:\WINDOWS\System32\KERNELBASE.dll
0x00007ffdf64f0000 - 0x00007ffdf663b000 	C:\WINDOWS\System32\ucrtbase.dll
0x00007ffded7b0000 - 0x00007ffded7ce000 	c:\Users\ASUS\.vscode\extensions\redhat.java-1.53.0-win32-x64\jre\21.0.10-win32-x86_64\bin\VCRUNTIME140.dll
0x00007ffded7d0000 - 0x00007ffded7e8000 	c:\Users\ASUS\.vscode\extensions\redhat.java-1.53.0-win32-x64\jre\21.0.10-win32-x86_64\bin\jli.dll
0x00007ffdf7f90000 - 0x00007ffdf8156000 	C:\WINDOWS\System32\USER32.dll
0x00007ffdf5510000 - 0x00007ffdf5537000 	C:\WINDOWS\System32\win32u.dll
0x00007ffdde720000 - 0x00007ffdde9b3000 	C:\WINDOWS\WinSxS\amd64_microsoft.windows.common-controls_6595b64144ccf1df_6.0.26100.7824_none_3e0870b2e3345462\COMCTL32.dll
0x00007ffdf8350000 - 0x00007ffdf837b000 	C:\WINDOWS\System32\GDI32.dll
0x00007ffdf5ac0000 - 0x00007ffdf5beb000 	C:\WINDOWS\System32\gdi32full.dll
0x00007ffdf8910000 - 0x00007ffdf89b9000 	C:\WINDOWS\System32\msvcrt.dll
0x00007ffdf6640000 - 0x00007ffdf66e3000 	C:\WINDOWS\System32\msvcp_win.dll
0x00007ffdf7b10000 - 0x00007ffdf7b41000 	C:\WINDOWS\System32\IMM32.DLL
0x00007ffdee210000 - 0x00007ffdee21c000 	c:\Users\ASUS\.vscode\extensions\redhat.java-1.53.0-win32-x64\jre\21.0.10-win32-x86_64\bin\vcruntime140_1.dll
0x00007ffd58da0000 - 0x00007ffd58e2d000 	c:\Users\ASUS\.vscode\extensions\redhat.java-1.53.0-win32-x64\jre\21.0.10-win32-x86_64\bin\msvcp140.dll
0x00007ffcf46e0000 - 0x00007ffcf5481000 	c:\Users\ASUS\.vscode\extensions\redhat.java-1.53.0-win32-x64\jre\21.0.10-win32-x86_64\bin\server\jvm.dll
0x00007ffdf72d0000 - 0x00007ffdf7384000 	C:\WINDOWS\System32\ADVAPI32.dll
0x00007ffdf7b50000 - 0x00007ffdf7bf6000 	C:\WINDOWS\System32\sechost.dll
0x00007ffdf7920000 - 0x00007ffdf7a38000 	C:\WINDOWS\System32\RPCRT4.dll
0x00007ffdf67a0000 - 0x00007ffdf6814000 	C:\WINDOWS\System32\WS2_32.dll
0x00007ffdea650000 - 0x00007ffdea685000 	C:\WINDOWS\SYSTEM32\WINMM.dll
0x00007ffdf3eb0000 - 0x00007ffdf3f0e000 	C:\WINDOWS\SYSTEM32\POWRPROF.dll
0x00007ffdee580000 - 0x00007ffdee58b000 	C:\WINDOWS\SYSTEM32\VERSION.dll
0x00007ffdf3e90000 - 0x00007ffdf3ea4000 	C:\WINDOWS\SYSTEM32\UMPDC.dll
0x00007ffdf4160000 - 0x00007ffdf417b000 	C:\WINDOWS\SYSTEM32\kernel.appcore.dll
0x00007ffded7a0000 - 0x00007ffded7aa000 	c:\Users\ASUS\.vscode\extensions\redhat.java-1.53.0-win32-x64\jre\21.0.10-win32-x86_64\bin\jimage.dll
0x00007ffdf3110000 - 0x00007ffdf3352000 	C:\WINDOWS\SYSTEM32\DBGHELP.DLL
0x00007ffdf7c00000 - 0x00007ffdf7f86000 	C:\WINDOWS\System32\combase.dll
0x00007ffdf7430000 - 0x00007ffdf7507000 	C:\WINDOWS\System32\OLEAUT32.dll
0x00007ffdd8030000 - 0x00007ffdd806b000 	C:\WINDOWS\SYSTEM32\dbgcore.DLL
0x00007ffdf66f0000 - 0x00007ffdf6795000 	C:\WINDOWS\System32\bcryptPrimitives.dll
0x00007ffded540000 - 0x00007ffded54f000 	c:\Users\ASUS\.vscode\extensions\redhat.java-1.53.0-win32-x64\jre\21.0.10-win32-x86_64\bin\instrument.dll
0x00007ffded4d0000 - 0x00007ffded4f0000 	c:\Users\ASUS\.vscode\extensions\redhat.java-1.53.0-win32-x64\jre\21.0.10-win32-x86_64\bin\java.dll
0x00007ffdf6b70000 - 0x00007ffdf72c2000 	C:\WINDOWS\System32\SHELL32.dll
0x00007ffdf53a0000 - 0x00007ffdf550a000 	C:\WINDOWS\System32\wintypes.dll
0x00007ffdf5bf0000 - 0x00007ffdf6453000 	C:\WINDOWS\System32\windows.storage.dll
0x00007ffdf8810000 - 0x00007ffdf8906000 	C:\WINDOWS\System32\SHCORE.dll
0x00007ffdf7740000 - 0x00007ffdf77a7000 	C:\WINDOWS\System32\shlwapi.dll
0x00007ffdf5200000 - 0x00007ffdf5229000 	C:\WINDOWS\SYSTEM32\profapi.dll
0x00007ffded390000 - 0x00007ffded3a8000 	c:\Users\ASUS\.vscode\extensions\redhat.java-1.53.0-win32-x64\jre\21.0.10-win32-x86_64\bin\zip.dll
0x00007ffded6e0000 - 0x00007ffded6f0000 	C:\Users\ASUS\.vscode\extensions\redhat.java-1.53.0-win32-x64\jre\21.0.10-win32-x86_64\bin\net.dll
0x00007ffdef8a0000 - 0x00007ffdef9c7000 	C:\WINDOWS\SYSTEM32\WINHTTP.dll
0x00007ffdf46b0000 - 0x00007ffdf471b000 	C:\WINDOWS\system32\mswsock.dll
0x00007ffded370000 - 0x00007ffded386000 	C:\Users\ASUS\.vscode\extensions\redhat.java-1.53.0-win32-x64\jre\21.0.10-win32-x86_64\bin\nio.dll
0x00007ffddfb20000 - 0x00007ffddfb30000 	c:\Users\ASUS\.vscode\extensions\redhat.java-1.53.0-win32-x64\jre\21.0.10-win32-x86_64\bin\verify.dll
0x00007ffddfa80000 - 0x00007ffddfac5000 	C:\Users\ASUS\AppData\Roaming\Code\User\globalStorage\redhat.java\1.53.0\config_win\org.eclipse.equinox.launcher\org.eclipse.equinox.launcher.win32.win32.x86_64_1.3.0.v20260203-2149\eclipse_11919.dll
0x00007ffdf8180000 - 0x00007ffdf8317000 	C:\WINDOWS\System32\ole32.dll
0x00007ffdf4aa0000 - 0x00007ffdf4abb000 	C:\WINDOWS\SYSTEM32\CRYPTSP.dll
0x00007ffdf40c0000 - 0x00007ffdf40f9000 	C:\WINDOWS\system32\rsaenh.dll
0x00007ffdf4760000 - 0x00007ffdf478b000 	C:\WINDOWS\SYSTEM32\USERENV.dll
0x00007ffdf51d0000 - 0x00007ffdf51fa000 	C:\WINDOWS\SYSTEM32\bcrypt.dll
0x00007ffdf4900000 - 0x00007ffdf490c000 	C:\WINDOWS\SYSTEM32\CRYPTBASE.dll
0x00007ffdf3b80000 - 0x00007ffdf3bb4000 	C:\WINDOWS\SYSTEM32\IPHLPAPI.DLL
0x00007ffdf8170000 - 0x00007ffdf817a000 	C:\WINDOWS\System32\NSI.dll
0x00007ffd556e0000 - 0x00007ffd55729000 	C:\Users\ASUS\AppData\Local\Temp\jna-2018896\jna18207887131813311790.dll
0x00007ffdf7420000 - 0x00007ffdf7428000 	C:\WINDOWS\System32\PSAPI.DLL
0x00007ffdefd70000 - 0x00007ffdefd8e000 	C:\WINDOWS\SYSTEM32\dhcpcsvc6.DLL
0x00007ffdefbf0000 - 0x00007ffdefc13000 	C:\WINDOWS\SYSTEM32\dhcpcsvc.DLL
0x00007ffd5b1c0000 - 0x00007ffd5b1e7000 	D:\.gradle\native\c067742578af261105cb4f569cf0c3c89f3d7b1fecec35dd04571415982c5e48\windows-amd64\native-platform.dll
0x00007ffdea410000 - 0x00007ffdea41a000 	C:\Users\ASUS\.vscode\extensions\redhat.java-1.53.0-win32-x64\jre\21.0.10-win32-x86_64\bin\management.dll
0x00007ffddfb90000 - 0x00007ffddfb9c000 	C:\Users\ASUS\.vscode\extensions\redhat.java-1.53.0-win32-x64\jre\21.0.10-win32-x86_64\bin\management_ext.dll
0x00007ffdde2f0000 - 0x00007ffdde2f9000 	C:\Users\ASUS\.vscode\extensions\redhat.java-1.53.0-win32-x64\jre\21.0.10-win32-x86_64\bin\extnet.dll
0x00007ffddfad0000 - 0x00007ffddfade000 	C:\Users\ASUS\.vscode\extensions\redhat.java-1.53.0-win32-x64\jre\21.0.10-win32-x86_64\bin\sunmscapi.dll
0x00007ffdf5940000 - 0x00007ffdf5ab7000 	C:\WINDOWS\System32\CRYPT32.dll
0x00007ffdf4c00000 - 0x00007ffdf4c30000 	C:\WINDOWS\SYSTEM32\ncrypt.dll
0x00007ffdf4bb0000 - 0x00007ffdf4bef000 	C:\WINDOWS\SYSTEM32\NTASN1.dll
0x00007ffdd9f00000 - 0x00007ffdd9f08000 	C:\WINDOWS\system32\wshunix.dll

JVMTI agents:
c:\Users\ASUS\.vscode\extensions\redhat.java-1.53.0-win32-x64\lombok\lombok-1.18.39-4050.jar path:c:\Users\ASUS\.vscode\extensions\redhat.java-1.53.0-win32-x64\jre\21.0.10-win32-x86_64\bin\instrument.dll, loaded, initialized, instrumentlib options:none

dbghelp: loaded successfully - version: 4.0.5 - missing functions: none
symbol engine: initialized successfully - sym options: 0x614 - pdb path: .;c:\Users\ASUS\.vscode\extensions\redhat.java-1.53.0-win32-x64\jre\21.0.10-win32-x86_64\bin;C:\WINDOWS\SYSTEM32;C:\WINDOWS\WinSxS\amd64_microsoft.windows.common-controls_6595b64144ccf1df_6.0.26100.7824_none_3e0870b2e3345462;c:\Users\ASUS\.vscode\extensions\redhat.java-1.53.0-win32-x64\jre\21.0.10-win32-x86_64\bin\server;C:\Users\ASUS\AppData\Roaming\Code\User\globalStorage\redhat.java\1.53.0\config_win\org.eclipse.equinox.launcher\org.eclipse.equinox.launcher.win32.win32.x86_64_1.3.0.v20260203-2149;C:\Users\ASUS\AppData\Local\Temp\jna-2018896;D:\.gradle\native\c067742578af261105cb4f569cf0c3c89f3d7b1fecec35dd04571415982c5e48\windows-amd64

VM Arguments:
jvm_args: --add-modules=ALL-SYSTEM --add-opens=java.base/java.util=ALL-UNNAMED --add-opens=java.base/java.lang=ALL-UNNAMED --add-opens=java.base/sun.nio.fs=ALL-UNNAMED -Declipse.application=org.eclipse.jdt.ls.core.id1 -Dosgi.bundles.defaultStartLevel=4 -Declipse.product=org.eclipse.jdt.ls.core.product -Djava.import.generatesMetadataFilesAtProjectRoot=false -DDetectVMInstallationsJob.disabled=true -Dfile.encoding=utf8 -XX:+UseParallelGC -XX:GCTimeRatio=4 -XX:AdaptiveSizePolicyWeight=90 -Dsun.zip.disableMemoryMapping=true -Xmx2G -Xms100m -Xlog:disable -javaagent:c:\Users\ASUS\.vscode\extensions\redhat.java-1.53.0-win32-x64\lombok\lombok-1.18.39-4050.jar -XX:+HeapDumpOnOutOfMemoryError -XX:HeapDumpPath=c:\Users\ASUS\AppData\Roaming\Code\User\workspaceStorage\097b4e4fa327a675ec34e49b565ec5ca\redhat.java -Daether.dependencyCollector.impl=bf 
java_command: c:\Users\ASUS\.vscode\extensions\redhat.java-1.53.0-win32-x64\server\plugins\org.eclipse.equinox.launcher_1.7.100.v20251111-0406.jar -configuration c:\Users\ASUS\AppData\Roaming\Code\User\globalStorage\redhat.java\1.53.0\config_win -data c:\Users\ASUS\AppData\Roaming\Code\User\workspaceStorage\097b4e4fa327a675ec34e49b565ec5ca\redhat.java\jdt_ws --pipe=\\.\pipe\lsp-373a916d64e336ae4f00860a68f31c56-sock
java_class_path (initial): c:\Users\ASUS\.vscode\extensions\redhat.java-1.53.0-win32-x64\server\plugins\org.eclipse.equinox.launcher_1.7.100.v20251111-0406.jar
Launcher Type: SUN_STANDARD

[Global flags]
    uintx AdaptiveSizePolicyWeight                 = 90                                        {product} {command line}
     intx CICompilerCount                          = 12                                        {product} {ergonomic}
    uintx GCTimeRatio                              = 4                                         {product} {command line}
     bool HeapDumpOnOutOfMemoryError               = true                                   {manageable} {command line}
    ccstr HeapDumpPath                             = c:\Users\ASUS\AppData\Roaming\Code\User\workspaceStorage\097b4e4fa327a675ec34e49b565ec5ca\redhat.java         {manageable} {command line}
   size_t InitialHeapSize                          = 104857600                                 {product} {command line}
   size_t MaxHeapSize                              = 2147483648                                {product} {command line}
   size_t MaxNewSize                               = 715653120                                 {product} {ergonomic}
   size_t MinHeapDeltaBytes                        = 524288                                    {product} {ergonomic}
   size_t MinHeapSize                              = 104857600                                 {product} {command line}
   size_t NewSize                                  = 34603008                                  {product} {ergonomic}
    uintx NonNMethodCodeHeapSize                   = 7602480                                {pd product} {ergonomic}
    uintx NonProfiledCodeHeapSize                  = 122027880                              {pd product} {ergonomic}
   size_t OldSize                                  = 70254592                                  {product} {ergonomic}
    uintx ProfiledCodeHeapSize                     = 122027880                              {pd product} {ergonomic}
    uintx ReservedCodeCacheSize                    = 251658240                              {pd product} {ergonomic}
     bool SegmentedCodeCache                       = true                                      {product} {ergonomic}
   size_t SoftMaxHeapSize                          = 2147483648                             {manageable} {ergonomic}
     bool UseCompressedOops                        = true                           {product lp64_product} {ergonomic}
     bool UseLargePagesIndividualAllocation        = false                                  {pd product} {ergonomic}
     bool UseParallelGC                            = true                                      {product} {command line}

Logging:
Log output configuration:
 #0: stdout all=off uptime,level,tags foldmultilines=false
 #1: stderr all=off uptime,level,tags foldmultilines=false

Release file:
JAVA_VERSION="21.0.10" 
MODULES="java.base java.compiler java.datatransfer java.xml java.prefs java.desktop java.instrument java.logging java.management java.security.sasl java.naming java.rmi java.management.rmi java.net.http java.scripting java.security.jgss java.transaction.xa java.sql java.sql.rowset java.xml.crypto java.se java.smartcardio jdk.accessibility jdk.internal.jvmstat jdk.attach jdk.charsets jdk.internal.opt jdk.zipfs jdk.compiler jdk.crypto.ec jdk.crypto.cryptoki jdk.crypto.mscapi jdk.dynalink jdk.internal.ed jdk.editpad jdk.hotspot.agent jdk.httpserver jdk.internal.le jdk.internal.vm.ci jdk.internal.vm.compiler jdk.internal.vm.compiler.management jdk.jartool jdk.javadoc jdk.jcmd jdk.management jdk.management.agent jdk.jconsole jdk.jdeps jdk.jdwp.agent jdk.jdi jdk.jfr jdk.jshell jdk.jsobject jdk.jstatd jdk.localedata jdk.management.jfr jdk.naming.dns jdk.naming.rmi jdk.net jdk.nio.mapmode jdk.random jdk.sctp jdk.security.auth jdk.security.jgss jdk.unsupported jdk.unsupported.desktop jdk.xml.dom" 

Environment Variables:
JAVA_HOME=C:\Program Files\Java\jdk-21
PATH=C:\Program Files\Java\jdk-21\bin;C:\Program Files\Amazon Corretto\jdk17.0.15_6\bin;c:\Users\ASUS\AppData\Local\Programs\cursor\resources\app\bin;C:\Program Files\Google\Chrome\Application;C:\Python312\Scripts\;C:\Python312\;C:\msys64\mingw64\bin;C:\Program Files\Microsoft SQL Server\150\Tools\Binn\;C:\ProgramData\chocolatey\bin;C:\Program Files\nodejs\;C:\Program Files\Docker\Docker\resources\bin;C:\WINDOWS\system32;C:\WINDOWS;C:\WINDOWS\System32\Wbem;C:\WINDOWS\System32\WindowsPowerShell\v1.0\;C:\WINDOWS\System32\OpenSSH\;C:\Program Files\dotnet\;C:\Program Files\MySQL\MySQL Shell 8.0\bin\;C:\Users\ASUS\AppData\Local\Programs\Python\Python311\Scripts\;C:\Users\ASUS\AppData\Local\Programs\Python\Python311\;C:\Users\ASUS\AppData\Local\Microsoft\WindowsApps;C:\Program Files (x86)\PyCharm Community Edition 2023.1.1\bin;C:\Users\ASUS\AppData\Local\GitHubDesktop\bin;C:\flutter\bin;C:\Windows\System32;C:\Users\ASUS\AppData\Roaming\npm;c:\Users\ASUS\AppData\Local\Programs\cursor\resources\app\bin;C:\Program Files\PostgreSQL\17\bin;C:\Program Files\Vagrant\bin;C:\Program Files\Git\cmd;C:\ProgramData\chocolatey\lib\maven\apache-maven-3.9.11\bin;C:\Program Files\Amazon\AWSCLIV2\;C:\Program Files\Microsoft VS Code\bin;C:\Program Files\NVIDIA Corporation\NVIDIA App\NvDLISR;C:\Program Files (x86)\NVIDIA Corporation\PhysX\Common;C:\builder;C:\Users\ASUS\.cargo\bin;C:\Users\ASUS\.cargo\bin;C:\Program Files\MySQL\MySQL Shell 8.0\bin\;C:\Users\ASUS\AppData\Local\Programs\Python\Python311\Scripts\;C:\Users\ASUS\AppData\Local\Programs\Python\Python311\;C:\Users\ASUS\AppData\Local\Microsoft\WindowsApps;C:\Program Files (x86)\PyCharm Community Edition 2023.1.1\bin;;C:\Users\ASUS\AppData\Local\Programs\Microsoft VS Code\bin;C:\Users\ASUS\AppData\Local\GitHubDesktop\bin;C:\flutter\bin;C:\Windows\System32;C:\Users\ASUS\AppData\Roaming\npm;C:\Program Files\Oracle\VirtualBox;E:\Program Files (x86)\BrowserStackLocal\;C:\stripe;
USERNAME=ASUS
OS=Windows_NT
PROCESSOR_IDENTIFIER=Intel64 Family 6 Model 154 Stepping 3, GenuineIntel
TMP=C:\Users\ASUS\AppData\Local\Temp
TEMP=C:\Users\ASUS\AppData\Local\Temp




Periodic native trim disabled

---------------  S Y S T E M  ---------------

OS:
 Windows 11 , 64 bit Build 26100 (10.0.26100.7705)
OS uptime: 1 days 0:20 hours
Hyper-V role detected

CPU: total 16 (initial active 16) (8 cores per cpu, 2 threads per core) family 6 model 154 stepping 3 microcode 0x429, cx8, cmov, fxsr, ht, mmx, 3dnowpref, sse, sse2, sse3, ssse3, sse4.1, sse4.2, popcnt, lzcnt, tsc, tscinvbit, avx, avx2, aes, erms, clmul, bmi1, bmi2, adx, sha, fma, vzeroupper, clflush, clflushopt, clwb, hv, serialize, rdtscp, rdpid, fsrm, f16c, cet_ibt, cet_ss
Processor Information for processor 0
  Max Mhz: 2300, Current Mhz: 1506, Mhz Limit: 2300
Processor Information for processor 1
  Max Mhz: 2300, Current Mhz: 2300, Mhz Limit: 2300
Processor Information for processor 2
  Max Mhz: 2300, Current Mhz: 2300, Mhz Limit: 2300
Processor Information for processor 3
  Max Mhz: 2300, Current Mhz: 2300, Mhz Limit: 2300
Processor Information for processor 4
  Max Mhz: 2300, Current Mhz: 2300, Mhz Limit: 2300
Processor Information for processor 5
  Max Mhz: 2300, Current Mhz: 2300, Mhz Limit: 2300
Processor Information for processor 6
  Max Mhz: 2300, Current Mhz: 2300, Mhz Limit: 2300
Processor Information for processor 7
  Max Mhz: 2300, Current Mhz: 2300, Mhz Limit: 2300
Processor Information for processor 8
  Max Mhz: 2300, Current Mhz: 2300, Mhz Limit: 2300
Processor Information for processor 9
  Max Mhz: 2300, Current Mhz: 2300, Mhz Limit: 2300
Processor Information for processor 10
  Max Mhz: 2300, Current Mhz: 2300, Mhz Limit: 2300
Processor Information for processor 11
  Max Mhz: 2300, Current Mhz: 2300, Mhz Limit: 2300
Processor Information for processor 12
  Max Mhz: 2300, Current Mhz: 2300, Mhz Limit: 2300
Processor Information for processor 13
  Max Mhz: 2300, Current Mhz: 2300, Mhz Limit: 2300
Processor Information for processor 14
  Max Mhz: 2300, Current Mhz: 2300, Mhz Limit: 2300
Processor Information for processor 15
  Max Mhz: 2300, Current Mhz: 2300, Mhz Limit: 2300

Memory: 4k page, system-wide physical 16004M (825M free)
TotalPageFile size 31192M (AvailPageFile size 2M)
current process WorkingSet (physical memory assigned to process): 272M, peak: 279M
current process commit charge ("private bytes"): 387M, peak: 394M

vm_info: OpenJDK 64-Bit Server VM (21.0.10+7-LTS) for windows-amd64 JRE (21.0.10+7-LTS), built on 2026-01-20T00:00:00Z by "admin" with MS VC++ 17.12 (VS2022)

END.
