#
# There is insufficient memory for the Java Runtime Environment to continue.
# Native memory allocation (malloc) failed to allocate 1561136 bytes for Chunk::new
# Possible reasons:
#   The system is out of physical RAM or swap space
#   The process is running with CompressedOops enabled, and the Java Heap may be blocking the growth of the native heap
# Possible solutions:
#   Reduce memory load on the system
#   Increase physical memory or swap space
#   Check if swap backing store is full
#   Decrease Java heap size (-Xmx/-Xms)
#   Decrease number of Java threads
#   Decrease Java thread stack sizes (-Xss)
#   Set larger code cache with -XX:ReservedCodeCacheSize=
#   JVM is running with Unscaled Compressed Oops mode in which the Java heap is
#     placed in the first 4GB address space. The Java Heap base address is the
#     maximum limit for the native heap growth. Please use -XX:HeapBaseMinAddress
#     to set the Java Heap base and to place the Java Heap above 4GB virtual address.
# This output file may be truncated or incomplete.
#
#  Out of Memory Error (arena.cpp:166), pid=21244, tid=26796
#
# JRE version: OpenJDK Runtime Environment (21.0+35) (build 21+35-2513)
# Java VM: OpenJDK 64-Bit Server VM (21+35-2513, mixed mode, sharing, tiered, compressed oops, compressed class ptrs, g1 gc, windows-amd64)
# No core dump will be written. Minidumps are not enabled by default on client versions of Windows
#

---------------  S U M M A R Y ------------

Command Line: --add-opens=java.base/java.util=ALL-UNNAMED --add-opens=java.base/java.lang=ALL-UNNAMED --add-opens=java.base/java.lang.invoke=ALL-UNNAMED --add-opens=java.prefs/java.util.prefs=ALL-UNNAMED --add-exports=jdk.compiler/com.sun.tools.javac.api=ALL-UNNAMED --add-exports=jdk.compiler/com.sun.tools.javac.util=ALL-UNNAMED --add-opens=java.base/java.nio.charset=ALL-UNNAMED --add-opens=java.base/java.net=ALL-UNNAMED --add-opens=java.base/java.util.concurrent.atomic=ALL-UNNAMED -Xmx1536M -Dfile.encoding=utf8 -Duser.country=US -Duser.language=en -Duser.variant -javaagent:D:\.gradle\wrapper\dists\gradle-8.9-bin\90cnw93cvbtalezasaz0blq0a\gradle-8.9\lib\agents\gradle-instrumentation-agent-8.9.jar org.gradle.launcher.daemon.bootstrap.GradleDaemon 8.9

Host: 12th Gen Intel(R) Core(TM) i7-12650H, 16 cores, 15G,  Windows 11 , 64 bit Build 26100 (10.0.26100.7705)
Time: Thu Mar  5 18:36:07 2026 Sri Lanka Standard Time elapsed time: 5.275312 seconds (0d 0h 0m 5s)

---------------  T H R E A D  ---------------

Current thread (0x0000020a0b03c420):  JavaThread "C2 CompilerThread0" daemon [_thread_in_native, id=26796, stack(0x000000c3cd700000,0x000000c3cd800000) (1024K)]


Current CompileTask:
C2:   5275 2786       4       java.lang.invoke.MethodType::makeImpl (109 bytes)

Stack: [0x000000c3cd700000,0x000000c3cd800000]
Native frames: (J=compiled Java code, j=interpreted, Vv=VM code, C=native code)
V  [jvm.dll+0x6c8d39]
V  [jvm.dll+0x854091]
V  [jvm.dll+0x85630e]
V  [jvm.dll+0x8569e3]
V  [jvm.dll+0x2809a6]
V  [jvm.dll+0xc3e6d]
V  [jvm.dll+0xc4383]
V  [jvm.dll+0x3b54e2]
V  [jvm.dll+0x382245]
V  [jvm.dll+0x3816ba]
V  [jvm.dll+0x249800]
V  [jvm.dll+0x248de1]
V  [jvm.dll+0x1c9b91]
V  [jvm.dll+0x2583e9]
V  [jvm.dll+0x2569ca]
V  [jvm.dll+0x3eef66]
V  [jvm.dll+0x7fd2c8]
V  [jvm.dll+0x6c748d]
C  [ucrtbase.dll+0x37b0]
C  [KERNEL32.DLL+0x2e8d7]
C  [ntdll.dll+0x8c40c]


---------------  P R O C E S S  ---------------

Threads class SMR info:
_java_thread_list=0x0000020a1158b120, length=28, elements={
0x00000209ad2feae0, 0x0000020a0b02d1b0, 0x0000020a0b031d20, 0x0000020a0b034790,
0x0000020a0b035450, 0x0000020a0b035eb0, 0x0000020a0b039270, 0x0000020a0b03c420,
0x0000020a0b05ee30, 0x0000020a0b115380, 0x0000020a0b115a30, 0x0000020a0b15e5b0,
0x0000020a0b345a20, 0x0000020a10548970, 0x0000020a10c3f140, 0x0000020a11297b30,
0x0000020a10fa9390, 0x0000020a10fa5fc0, 0x0000020a1145d7e0, 0x0000020a11385bc0,
0x0000020a1148b130, 0x0000020a1148b7c0, 0x0000020a1148be50, 0x0000020a1148c4e0,
0x0000020a1148cb70, 0x0000020a1148a410, 0x0000020a1148d200, 0x0000020a0b0bc790
}

Java Threads: ( => current thread )
  0x00000209ad2feae0 JavaThread "main"                              [_thread_blocked, id=19828, stack(0x000000c3cc900000,0x000000c3cca00000) (1024K)]
  0x0000020a0b02d1b0 JavaThread "Reference Handler"          daemon [_thread_blocked, id=32316, stack(0x000000c3cd100000,0x000000c3cd200000) (1024K)]
  0x0000020a0b031d20 JavaThread "Finalizer"                  daemon [_thread_blocked, id=16596, stack(0x000000c3cd200000,0x000000c3cd300000) (1024K)]
  0x0000020a0b034790 JavaThread "Signal Dispatcher"          daemon [_thread_blocked, id=24640, stack(0x000000c3cd300000,0x000000c3cd400000) (1024K)]
  0x0000020a0b035450 JavaThread "Attach Listener"            daemon [_thread_blocked, id=5308, stack(0x000000c3cd400000,0x000000c3cd500000) (1024K)]
  0x0000020a0b035eb0 JavaThread "Service Thread"             daemon [_thread_blocked, id=8784, stack(0x000000c3cd500000,0x000000c3cd600000) (1024K)]
  0x0000020a0b039270 JavaThread "Monitor Deflation Thread"   daemon [_thread_blocked, id=28204, stack(0x000000c3cd600000,0x000000c3cd700000) (1024K)]
=>0x0000020a0b03c420 JavaThread "C2 CompilerThread0"         daemon [_thread_in_native, id=26796, stack(0x000000c3cd700000,0x000000c3cd800000) (1024K)]
  0x0000020a0b05ee30 JavaThread "C1 CompilerThread0"         daemon [_thread_blocked, id=26864, stack(0x000000c3cd800000,0x000000c3cd900000) (1024K)]
  0x0000020a0b115380 JavaThread "C1 CompilerThread1"         daemon [_thread_blocked, id=27940, stack(0x000000c3cd900000,0x000000c3cda00000) (1024K)]
  0x0000020a0b115a30 JavaThread "C1 CompilerThread2"         daemon [_thread_blocked, id=19956, stack(0x000000c3cda00000,0x000000c3cdb00000) (1024K)]
  0x0000020a0b15e5b0 JavaThread "Common-Cleaner"             daemon [_thread_blocked, id=29964, stack(0x000000c3cdb00000,0x000000c3cdc00000) (1024K)]
  0x0000020a0b345a20 JavaThread "Notification Thread"        daemon [_thread_blocked, id=28336, stack(0x000000c3cde00000,0x000000c3cdf00000) (1024K)]
  0x0000020a10548970 JavaThread "C1 CompilerThread3"         daemon [_thread_blocked, id=8124, stack(0x000000c3cdf00000,0x000000c3ce000000) (1024K)]
  0x0000020a10c3f140 JavaThread "Daemon health stats"               [_thread_blocked, id=32472, stack(0x000000c3ce000000,0x000000c3ce100000) (1024K)]
  0x0000020a11297b30 JavaThread "Incoming local TCP Connector on port 14968"        [_thread_in_native, id=23120, stack(0x000000c3ce600000,0x000000c3ce700000) (1024K)]
  0x0000020a10fa9390 JavaThread "Daemon periodic checks"            [_thread_blocked, id=30124, stack(0x000000c3ce700000,0x000000c3ce800000) (1024K)]
  0x0000020a10fa5fc0 JavaThread "Daemon"                            [_thread_blocked, id=21720, stack(0x000000c3cdd00000,0x000000c3cde00000) (1024K)]
  0x0000020a1145d7e0 JavaThread "Handler for socket connection from /127.0.0.1:14968 to /127.0.0.1:14969"        [_thread_in_native, id=23664, stack(0x000000c3ce800000,0x000000c3ce900000) (1024K)]
  0x0000020a11385bc0 JavaThread "Cancel handler"                    [_thread_blocked, id=23948, stack(0x000000c3ce900000,0x000000c3cea00000) (1024K)]
  0x0000020a1148b130 JavaThread "Daemon worker"                     [_thread_in_vm, id=15476, stack(0x000000c3cea00000,0x000000c3ceb00000) (1024K)]
  0x0000020a1148b7c0 JavaThread "Asynchronous log dispatcher for DefaultDaemonConnection: socket connection from /127.0.0.1:14968 to /127.0.0.1:14969"        [_thread_blocked, id=32120, stack(0x000000c3ceb00000,0x000000c3cec00000) (1024K)]
  0x0000020a1148be50 JavaThread "Stdin handler"                     [_thread_blocked, id=24568, stack(0x000000c3cec00000,0x000000c3ced00000) (1024K)]
  0x0000020a1148c4e0 JavaThread "Daemon client event forwarder"        [_thread_blocked, id=16328, stack(0x000000c3ced00000,0x000000c3cee00000) (1024K)]
  0x0000020a1148cb70 JavaThread "Cache worker for journal cache (D:\.gradle\caches\journal-1)"        [_thread_blocked, id=31560, stack(0x000000c3cdc00000,0x000000c3cdd00000) (1024K)]
  0x0000020a1148a410 JavaThread "File lock request listener"        [_thread_in_native, id=29464, stack(0x000000c3cee00000,0x000000c3cef00000) (1024K)]
  0x0000020a1148d200 JavaThread "Cache worker for file hash cache (D:\.gradle\caches\8.9\fileHashes)"        [_thread_blocked, id=32988, stack(0x000000c3cef00000,0x000000c3cf000000) (1024K)]
  0x0000020a0b0bc790 JavaThread "C2 CompilerThread1"         daemon [_thread_blocked, id=1816, stack(0x000000c3cf000000,0x000000c3cf100000) (1024K)]
Total: 28

Other Threads:
  0x00000209c9d9e7b0 VMThread "VM Thread"                           [id=31928, stack(0x000000c3cd000000,0x000000c3cd100000) (1024K)]
  0x00000209c9d937c0 WatcherThread "VM Periodic Task Thread"        [id=31964, stack(0x000000c3ccf00000,0x000000c3cd000000) (1024K)]
  0x00000209ad347ee0 WorkerThread "GC Thread#0"                     [id=31612, stack(0x000000c3cca00000,0x000000c3ccb00000) (1024K)]
  0x0000020a0b84fab0 WorkerThread "GC Thread#1"                     [id=23300, stack(0x000000c3ce100000,0x000000c3ce200000) (1024K)]
  0x0000020a0b84fe50 WorkerThread "GC Thread#2"                     [id=6336, stack(0x000000c3ce200000,0x000000c3ce300000) (1024K)]
  0x0000020a0b8501f0 WorkerThread "GC Thread#3"                     [id=16708, stack(0x000000c3ce300000,0x000000c3ce400000) (1024K)]
  0x0000020a0b850590 WorkerThread "GC Thread#4"                     [id=2924, stack(0x000000c3ce400000,0x000000c3ce500000) (1024K)]
  0x0000020a0b8a9090 WorkerThread "GC Thread#5"                     [id=2848, stack(0x000000c3ce500000,0x000000c3ce600000) (1024K)]
  0x00000209ad356460 ConcurrentGCThread "G1 Main Marker"            [id=7952, stack(0x000000c3ccb00000,0x000000c3ccc00000) (1024K)]
  0x00000209ad357d20 WorkerThread "G1 Conc#0"                       [id=28172, stack(0x000000c3ccc00000,0x000000c3ccd00000) (1024K)]
  0x00000209c9c6aa90 ConcurrentGCThread "G1 Refine#0"               [id=14104, stack(0x000000c3ccd00000,0x000000c3cce00000) (1024K)]
  0x00000209c9c6b2b0 ConcurrentGCThread "G1 Service"                [id=7220, stack(0x000000c3cce00000,0x000000c3ccf00000) (1024K)]
Total: 12

Threads with active compile tasks:
C2 CompilerThread0     5335 2786       4       java.lang.invoke.MethodType::makeImpl (109 bytes)
Total: 1

VM state: not at safepoint (normal execution)

VM Mutex/Monitor currently owned by a thread: None

Heap address: 0x00000000a0000000, size: 1536 MB, Compressed Oops mode: 32-bit

CDS archive(s) mapped at: [0x00000209ca000000-0x00000209cac90000-0x00000209cac90000), size 13172736, SharedBaseAddress: 0x00000209ca000000, ArchiveRelocationMode: 1.
Compressed class space mapped at: 0x00000209cb000000-0x0000020a0b000000, reserved size: 1073741824
Narrow klass base: 0x00000209ca000000, Narrow klass shift: 0, Narrow klass range: 0x100000000

GC Precious Log:
 CardTable entry size: 512
 Card Set container configuration: InlinePtr #cards 5 size 8 Array Of Cards #cards 12 size 40 Howl #buckets 4 coarsen threshold 1843 Howl Bitmap #cards 512 size 80 coarsen threshold 460 Card regions per heap region 1 cards per card region 2048
 CPUs: 16 total, 16 available
 Memory: 16004M
 Large Page Support: Disabled
 NUMA Support: Disabled
 Compressed Oops: Enabled (32-bit)
 Heap Region Size: 1M
 Heap Min Capacity: 8M
 Heap Initial Capacity: 252M
 Heap Max Capacity: 1536M
 Pre-touch: Disabled
 Parallel Workers: 13
 Concurrent Workers: 3
 Concurrent Refinement Workers: 13
 Periodic GC: Disabled

Heap:
 garbage-first heap   total 258048K, used 104324K [0x00000000a0000000, 0x0000000100000000)
  region size 1024K, 91 young (93184K), 2 survivors (2048K)
 Metaspace       used 16367K, committed 16896K, reserved 1114112K
  class space    used 2217K, committed 2496K, reserved 1048576K

Heap Regions: E=young(eden), S=young(survivor), O=old, HS=humongous(starts), HC=humongous(continues), CS=collection set, F=free, TAMS=top-at-mark-start, PB=parsable bottom
|   0|0x00000000a0000000, 0x00000000a0100000, 0x00000000a0100000|100%|HS|  |TAMS 0x00000000a0000000| PB 0x00000000a0000000| Complete 
|   1|0x00000000a0100000, 0x00000000a0200000, 0x00000000a0200000|100%|HC|  |TAMS 0x00000000a0100000| PB 0x00000000a0100000| Complete 
|   2|0x00000000a0200000, 0x00000000a0300000, 0x00000000a0300000|100%|HC|  |TAMS 0x00000000a0200000| PB 0x00000000a0200000| Complete 
|   3|0x00000000a0300000, 0x00000000a0400000, 0x00000000a0400000|100%|HC|  |TAMS 0x00000000a0300000| PB 0x00000000a0300000| Complete 
|   4|0x00000000a0400000, 0x00000000a0500000, 0x00000000a0500000|100%| O|  |TAMS 0x00000000a0400000| PB 0x00000000a0400000| Untracked 
|   5|0x00000000a0500000, 0x00000000a0600000, 0x00000000a0600000|100%| O|  |TAMS 0x00000000a0500000| PB 0x00000000a0500000| Untracked 
|   6|0x00000000a0600000, 0x00000000a0700000, 0x00000000a0700000|100%| O|  |TAMS 0x00000000a0600000| PB 0x00000000a0600000| Untracked 
|   7|0x00000000a0700000, 0x00000000a0800000, 0x00000000a0800000|100%| O|  |TAMS 0x00000000a0700000| PB 0x00000000a0700000| Untracked 
|   8|0x00000000a0800000, 0x00000000a0900000, 0x00000000a0900000|100%| O|  |TAMS 0x00000000a0800000| PB 0x00000000a0800000| Untracked 
|   9|0x00000000a0900000, 0x00000000a0a00000, 0x00000000a0a00000|100%| O|  |TAMS 0x00000000a0900000| PB 0x00000000a0900000| Untracked 
|  10|0x00000000a0a00000, 0x00000000a0a4f088, 0x00000000a0b00000| 30%| O|  |TAMS 0x00000000a0a00000| PB 0x00000000a0a00000| Untracked 
|  11|0x00000000a0b00000, 0x00000000a0c00000, 0x00000000a0c00000|100%|HS|  |TAMS 0x00000000a0b00000| PB 0x00000000a0b00000| Complete 
|  12|0x00000000a0c00000, 0x00000000a0d00000, 0x00000000a0d00000|100%|HS|  |TAMS 0x00000000a0c00000| PB 0x00000000a0c00000| Complete 
|  13|0x00000000a0d00000, 0x00000000a0d00000, 0x00000000a0e00000|  0%| F|  |TAMS 0x00000000a0d00000| PB 0x00000000a0d00000| Untracked 
|  14|0x00000000a0e00000, 0x00000000a0e00000, 0x00000000a0f00000|  0%| F|  |TAMS 0x00000000a0e00000| PB 0x00000000a0e00000| Untracked 
|  15|0x00000000a0f00000, 0x00000000a0f00000, 0x00000000a1000000|  0%| F|  |TAMS 0x00000000a0f00000| PB 0x00000000a0f00000| Untracked 
|  16|0x00000000a1000000, 0x00000000a1000000, 0x00000000a1100000|  0%| F|  |TAMS 0x00000000a1000000| PB 0x00000000a1000000| Untracked 
|  17|0x00000000a1100000, 0x00000000a1100000, 0x00000000a1200000|  0%| F|  |TAMS 0x00000000a1100000| PB 0x00000000a1100000| Untracked 
|  18|0x00000000a1200000, 0x00000000a1200000, 0x00000000a1300000|  0%| F|  |TAMS 0x00000000a1200000| PB 0x00000000a1200000| Untracked 
|  19|0x00000000a1300000, 0x00000000a1300000, 0x00000000a1400000|  0%| F|  |TAMS 0x00000000a1300000| PB 0x00000000a1300000| Untracked 
|  20|0x00000000a1400000, 0x00000000a1400000, 0x00000000a1500000|  0%| F|  |TAMS 0x00000000a1400000| PB 0x00000000a1400000| Untracked 
|  21|0x00000000a1500000, 0x00000000a1500000, 0x00000000a1600000|  0%| F|  |TAMS 0x00000000a1500000| PB 0x00000000a1500000| Untracked 
|  22|0x00000000a1600000, 0x00000000a1600000, 0x00000000a1700000|  0%| F|  |TAMS 0x00000000a1600000| PB 0x00000000a1600000| Untracked 
|  23|0x00000000a1700000, 0x00000000a1700000, 0x00000000a1800000|  0%| F|  |TAMS 0x00000000a1700000| PB 0x00000000a1700000| Untracked 
|  24|0x00000000a1800000, 0x00000000a1800000, 0x00000000a1900000|  0%| F|  |TAMS 0x00000000a1800000| PB 0x00000000a1800000| Untracked 
|  25|0x00000000a1900000, 0x00000000a1900000, 0x00000000a1a00000|  0%| F|  |TAMS 0x00000000a1900000| PB 0x00000000a1900000| Untracked 
|  26|0x00000000a1a00000, 0x00000000a1a00000, 0x00000000a1b00000|  0%| F|  |TAMS 0x00000000a1a00000| PB 0x00000000a1a00000| Untracked 
|  27|0x00000000a1b00000, 0x00000000a1b00000, 0x00000000a1c00000|  0%| F|  |TAMS 0x00000000a1b00000| PB 0x00000000a1b00000| Untracked 
|  28|0x00000000a1c00000, 0x00000000a1c00000, 0x00000000a1d00000|  0%| F|  |TAMS 0x00000000a1c00000| PB 0x00000000a1c00000| Untracked 
|  29|0x00000000a1d00000, 0x00000000a1d00000, 0x00000000a1e00000|  0%| F|  |TAMS 0x00000000a1d00000| PB 0x00000000a1d00000| Untracked 
|  30|0x00000000a1e00000, 0x00000000a1e00000, 0x00000000a1f00000|  0%| F|  |TAMS 0x00000000a1e00000| PB 0x00000000a1e00000| Untracked 
|  31|0x00000000a1f00000, 0x00000000a1f00000, 0x00000000a2000000|  0%| F|  |TAMS 0x00000000a1f00000| PB 0x00000000a1f00000| Untracked 
|  32|0x00000000a2000000, 0x00000000a2000000, 0x00000000a2100000|  0%| F|  |TAMS 0x00000000a2000000| PB 0x00000000a2000000| Untracked 
|  33|0x00000000a2100000, 0x00000000a2100000, 0x00000000a2200000|  0%| F|  |TAMS 0x00000000a2100000| PB 0x00000000a2100000| Untracked 
|  34|0x00000000a2200000, 0x00000000a2200000, 0x00000000a2300000|  0%| F|  |TAMS 0x00000000a2200000| PB 0x00000000a2200000| Untracked 
|  35|0x00000000a2300000, 0x00000000a2300000, 0x00000000a2400000|  0%| F|  |TAMS 0x00000000a2300000| PB 0x00000000a2300000| Untracked 
|  36|0x00000000a2400000, 0x00000000a2400000, 0x00000000a2500000|  0%| F|  |TAMS 0x00000000a2400000| PB 0x00000000a2400000| Untracked 
|  37|0x00000000a2500000, 0x00000000a2500000, 0x00000000a2600000|  0%| F|  |TAMS 0x00000000a2500000| PB 0x00000000a2500000| Untracked 
|  38|0x00000000a2600000, 0x00000000a2600000, 0x00000000a2700000|  0%| F|  |TAMS 0x00000000a2600000| PB 0x00000000a2600000| Untracked 
|  39|0x00000000a2700000, 0x00000000a2700000, 0x00000000a2800000|  0%| F|  |TAMS 0x00000000a2700000| PB 0x00000000a2700000| Untracked 
|  40|0x00000000a2800000, 0x00000000a2800000, 0x00000000a2900000|  0%| F|  |TAMS 0x00000000a2800000| PB 0x00000000a2800000| Untracked 
|  41|0x00000000a2900000, 0x00000000a2900000, 0x00000000a2a00000|  0%| F|  |TAMS 0x00000000a2900000| PB 0x00000000a2900000| Untracked 
|  42|0x00000000a2a00000, 0x00000000a2a00000, 0x00000000a2b00000|  0%| F|  |TAMS 0x00000000a2a00000| PB 0x00000000a2a00000| Untracked 
|  43|0x00000000a2b00000, 0x00000000a2b00000, 0x00000000a2c00000|  0%| F|  |TAMS 0x00000000a2b00000| PB 0x00000000a2b00000| Untracked 
|  44|0x00000000a2c00000, 0x00000000a2c00000, 0x00000000a2d00000|  0%| F|  |TAMS 0x00000000a2c00000| PB 0x00000000a2c00000| Untracked 
|  45|0x00000000a2d00000, 0x00000000a2d00000, 0x00000000a2e00000|  0%| F|  |TAMS 0x00000000a2d00000| PB 0x00000000a2d00000| Untracked 
|  46|0x00000000a2e00000, 0x00000000a2e00000, 0x00000000a2f00000|  0%| F|  |TAMS 0x00000000a2e00000| PB 0x00000000a2e00000| Untracked 
|  47|0x00000000a2f00000, 0x00000000a2f00000, 0x00000000a3000000|  0%| F|  |TAMS 0x00000000a2f00000| PB 0x00000000a2f00000| Untracked 
|  48|0x00000000a3000000, 0x00000000a3000000, 0x00000000a3100000|  0%| F|  |TAMS 0x00000000a3000000| PB 0x00000000a3000000| Untracked 
|  49|0x00000000a3100000, 0x00000000a3100000, 0x00000000a3200000|  0%| F|  |TAMS 0x00000000a3100000| PB 0x00000000a3100000| Untracked 
|  50|0x00000000a3200000, 0x00000000a3200000, 0x00000000a3300000|  0%| F|  |TAMS 0x00000000a3200000| PB 0x00000000a3200000| Untracked 
|  51|0x00000000a3300000, 0x00000000a3300000, 0x00000000a3400000|  0%| F|  |TAMS 0x00000000a3300000| PB 0x00000000a3300000| Untracked 
|  52|0x00000000a3400000, 0x00000000a3400000, 0x00000000a3500000|  0%| F|  |TAMS 0x00000000a3400000| PB 0x00000000a3400000| Untracked 
|  53|0x00000000a3500000, 0x00000000a3500000, 0x00000000a3600000|  0%| F|  |TAMS 0x00000000a3500000| PB 0x00000000a3500000| Untracked 
|  54|0x00000000a3600000, 0x00000000a3600000, 0x00000000a3700000|  0%| F|  |TAMS 0x00000000a3600000| PB 0x00000000a3600000| Untracked 
|  55|0x00000000a3700000, 0x00000000a3700000, 0x00000000a3800000|  0%| F|  |TAMS 0x00000000a3700000| PB 0x00000000a3700000| Untracked 
|  56|0x00000000a3800000, 0x00000000a3800000, 0x00000000a3900000|  0%| F|  |TAMS 0x00000000a3800000| PB 0x00000000a3800000| Untracked 
|  57|0x00000000a3900000, 0x00000000a3900000, 0x00000000a3a00000|  0%| F|  |TAMS 0x00000000a3900000| PB 0x00000000a3900000| Untracked 
|  58|0x00000000a3a00000, 0x00000000a3a00000, 0x00000000a3b00000|  0%| F|  |TAMS 0x00000000a3a00000| PB 0x00000000a3a00000| Untracked 
|  59|0x00000000a3b00000, 0x00000000a3b00000, 0x00000000a3c00000|  0%| F|  |TAMS 0x00000000a3b00000| PB 0x00000000a3b00000| Untracked 
|  60|0x00000000a3c00000, 0x00000000a3c00000, 0x00000000a3d00000|  0%| F|  |TAMS 0x00000000a3c00000| PB 0x00000000a3c00000| Untracked 
|  61|0x00000000a3d00000, 0x00000000a3d00000, 0x00000000a3e00000|  0%| F|  |TAMS 0x00000000a3d00000| PB 0x00000000a3d00000| Untracked 
|  62|0x00000000a3e00000, 0x00000000a3e00000, 0x00000000a3f00000|  0%| F|  |TAMS 0x00000000a3e00000| PB 0x00000000a3e00000| Untracked 
|  63|0x00000000a3f00000, 0x00000000a3f00000, 0x00000000a4000000|  0%| F|  |TAMS 0x00000000a3f00000| PB 0x00000000a3f00000| Untracked 
|  64|0x00000000a4000000, 0x00000000a4000000, 0x00000000a4100000|  0%| F|  |TAMS 0x00000000a4000000| PB 0x00000000a4000000| Untracked 
|  65|0x00000000a4100000, 0x00000000a4100000, 0x00000000a4200000|  0%| F|  |TAMS 0x00000000a4100000| PB 0x00000000a4100000| Untracked 
|  66|0x00000000a4200000, 0x00000000a4200000, 0x00000000a4300000|  0%| F|  |TAMS 0x00000000a4200000| PB 0x00000000a4200000| Untracked 
|  67|0x00000000a4300000, 0x00000000a4300000, 0x00000000a4400000|  0%| F|  |TAMS 0x00000000a4300000| PB 0x00000000a4300000| Untracked 
|  68|0x00000000a4400000, 0x00000000a4400000, 0x00000000a4500000|  0%| F|  |TAMS 0x00000000a4400000| PB 0x00000000a4400000| Untracked 
|  69|0x00000000a4500000, 0x00000000a4500000, 0x00000000a4600000|  0%| F|  |TAMS 0x00000000a4500000| PB 0x00000000a4500000| Untracked 
|  70|0x00000000a4600000, 0x00000000a4600000, 0x00000000a4700000|  0%| F|  |TAMS 0x00000000a4600000| PB 0x00000000a4600000| Untracked 
|  71|0x00000000a4700000, 0x00000000a4700000, 0x00000000a4800000|  0%| F|  |TAMS 0x00000000a4700000| PB 0x00000000a4700000| Untracked 
|  72|0x00000000a4800000, 0x00000000a4800000, 0x00000000a4900000|  0%| F|  |TAMS 0x00000000a4800000| PB 0x00000000a4800000| Untracked 
|  73|0x00000000a4900000, 0x00000000a4900000, 0x00000000a4a00000|  0%| F|  |TAMS 0x00000000a4900000| PB 0x00000000a4900000| Untracked 
|  74|0x00000000a4a00000, 0x00000000a4a00000, 0x00000000a4b00000|  0%| F|  |TAMS 0x00000000a4a00000| PB 0x00000000a4a00000| Untracked 
|  75|0x00000000a4b00000, 0x00000000a4b00000, 0x00000000a4c00000|  0%| F|  |TAMS 0x00000000a4b00000| PB 0x00000000a4b00000| Untracked 
|  76|0x00000000a4c00000, 0x00000000a4c00000, 0x00000000a4d00000|  0%| F|  |TAMS 0x00000000a4c00000| PB 0x00000000a4c00000| Untracked 
|  77|0x00000000a4d00000, 0x00000000a4d00000, 0x00000000a4e00000|  0%| F|  |TAMS 0x00000000a4d00000| PB 0x00000000a4d00000| Untracked 
|  78|0x00000000a4e00000, 0x00000000a4e00000, 0x00000000a4f00000|  0%| F|  |TAMS 0x00000000a4e00000| PB 0x00000000a4e00000| Untracked 
|  79|0x00000000a4f00000, 0x00000000a4f00000, 0x00000000a5000000|  0%| F|  |TAMS 0x00000000a4f00000| PB 0x00000000a4f00000| Untracked 
|  80|0x00000000a5000000, 0x00000000a5000000, 0x00000000a5100000|  0%| F|  |TAMS 0x00000000a5000000| PB 0x00000000a5000000| Untracked 
|  81|0x00000000a5100000, 0x00000000a5100000, 0x00000000a5200000|  0%| F|  |TAMS 0x00000000a5100000| PB 0x00000000a5100000| Untracked 
|  82|0x00000000a5200000, 0x00000000a5200000, 0x00000000a5300000|  0%| F|  |TAMS 0x00000000a5200000| PB 0x00000000a5200000| Untracked 
|  83|0x00000000a5300000, 0x00000000a5300000, 0x00000000a5400000|  0%| F|  |TAMS 0x00000000a5300000| PB 0x00000000a5300000| Untracked 
|  84|0x00000000a5400000, 0x00000000a5400000, 0x00000000a5500000|  0%| F|  |TAMS 0x00000000a5400000| PB 0x00000000a5400000| Untracked 
|  85|0x00000000a5500000, 0x00000000a5500000, 0x00000000a5600000|  0%| F|  |TAMS 0x00000000a5500000| PB 0x00000000a5500000| Untracked 
|  86|0x00000000a5600000, 0x00000000a5600000, 0x00000000a5700000|  0%| F|  |TAMS 0x00000000a5600000| PB 0x00000000a5600000| Untracked 
|  87|0x00000000a5700000, 0x00000000a5700000, 0x00000000a5800000|  0%| F|  |TAMS 0x00000000a5700000| PB 0x00000000a5700000| Untracked 
|  88|0x00000000a5800000, 0x00000000a5800000, 0x00000000a5900000|  0%| F|  |TAMS 0x00000000a5800000| PB 0x00000000a5800000| Untracked 
|  89|0x00000000a5900000, 0x00000000a5900000, 0x00000000a5a00000|  0%| F|  |TAMS 0x00000000a5900000| PB 0x00000000a5900000| Untracked 
|  90|0x00000000a5a00000, 0x00000000a5a00000, 0x00000000a5b00000|  0%| F|  |TAMS 0x00000000a5a00000| PB 0x00000000a5a00000| Untracked 
|  91|0x00000000a5b00000, 0x00000000a5b00000, 0x00000000a5c00000|  0%| F|  |TAMS 0x00000000a5b00000| PB 0x00000000a5b00000| Untracked 
|  92|0x00000000a5c00000, 0x00000000a5c00000, 0x00000000a5d00000|  0%| F|  |TAMS 0x00000000a5c00000| PB 0x00000000a5c00000| Untracked 
|  93|0x00000000a5d00000, 0x00000000a5d00000, 0x00000000a5e00000|  0%| F|  |TAMS 0x00000000a5d00000| PB 0x00000000a5d00000| Untracked 
|  94|0x00000000a5e00000, 0x00000000a5e00000, 0x00000000a5f00000|  0%| F|  |TAMS 0x00000000a5e00000| PB 0x00000000a5e00000| Untracked 
|  95|0x00000000a5f00000, 0x00000000a5f00000, 0x00000000a6000000|  0%| F|  |TAMS 0x00000000a5f00000| PB 0x00000000a5f00000| Untracked 
|  96|0x00000000a6000000, 0x00000000a6000000, 0x00000000a6100000|  0%| F|  |TAMS 0x00000000a6000000| PB 0x00000000a6000000| Untracked 
|  97|0x00000000a6100000, 0x00000000a6100000, 0x00000000a6200000|  0%| F|  |TAMS 0x00000000a6100000| PB 0x00000000a6100000| Untracked 
|  98|0x00000000a6200000, 0x00000000a6200000, 0x00000000a6300000|  0%| F|  |TAMS 0x00000000a6200000| PB 0x00000000a6200000| Untracked 
|  99|0x00000000a6300000, 0x00000000a6300000, 0x00000000a6400000|  0%| F|  |TAMS 0x00000000a6300000| PB 0x00000000a6300000| Untracked 
| 100|0x00000000a6400000, 0x00000000a6400000, 0x00000000a6500000|  0%| F|  |TAMS 0x00000000a6400000| PB 0x00000000a6400000| Untracked 
| 101|0x00000000a6500000, 0x00000000a6500000, 0x00000000a6600000|  0%| F|  |TAMS 0x00000000a6500000| PB 0x00000000a6500000| Untracked 
| 102|0x00000000a6600000, 0x00000000a6600000, 0x00000000a6700000|  0%| F|  |TAMS 0x00000000a6600000| PB 0x00000000a6600000| Untracked 
| 103|0x00000000a6700000, 0x00000000a6700000, 0x00000000a6800000|  0%| F|  |TAMS 0x00000000a6700000| PB 0x00000000a6700000| Untracked 
| 104|0x00000000a6800000, 0x00000000a6800000, 0x00000000a6900000|  0%| F|  |TAMS 0x00000000a6800000| PB 0x00000000a6800000| Untracked 
| 105|0x00000000a6900000, 0x00000000a6900000, 0x00000000a6a00000|  0%| F|  |TAMS 0x00000000a6900000| PB 0x00000000a6900000| Untracked 
| 106|0x00000000a6a00000, 0x00000000a6a00000, 0x00000000a6b00000|  0%| F|  |TAMS 0x00000000a6a00000| PB 0x00000000a6a00000| Untracked 
| 107|0x00000000a6b00000, 0x00000000a6b00000, 0x00000000a6c00000|  0%| F|  |TAMS 0x00000000a6b00000| PB 0x00000000a6b00000| Untracked 
| 108|0x00000000a6c00000, 0x00000000a6c00000, 0x00000000a6d00000|  0%| F|  |TAMS 0x00000000a6c00000| PB 0x00000000a6c00000| Untracked 
| 109|0x00000000a6d00000, 0x00000000a6d00000, 0x00000000a6e00000|  0%| F|  |TAMS 0x00000000a6d00000| PB 0x00000000a6d00000| Untracked 
| 110|0x00000000a6e00000, 0x00000000a6e00000, 0x00000000a6f00000|  0%| F|  |TAMS 0x00000000a6e00000| PB 0x00000000a6e00000| Untracked 
| 111|0x00000000a6f00000, 0x00000000a6f00000, 0x00000000a7000000|  0%| F|  |TAMS 0x00000000a6f00000| PB 0x00000000a6f00000| Untracked 
| 112|0x00000000a7000000, 0x00000000a7000000, 0x00000000a7100000|  0%| F|  |TAMS 0x00000000a7000000| PB 0x00000000a7000000| Untracked 
| 113|0x00000000a7100000, 0x00000000a7100000, 0x00000000a7200000|  0%| F|  |TAMS 0x00000000a7100000| PB 0x00000000a7100000| Untracked 
| 114|0x00000000a7200000, 0x00000000a7200000, 0x00000000a7300000|  0%| F|  |TAMS 0x00000000a7200000| PB 0x00000000a7200000| Untracked 
| 115|0x00000000a7300000, 0x00000000a7300000, 0x00000000a7400000|  0%| F|  |TAMS 0x00000000a7300000| PB 0x00000000a7300000| Untracked 
| 116|0x00000000a7400000, 0x00000000a7400000, 0x00000000a7500000|  0%| F|  |TAMS 0x00000000a7400000| PB 0x00000000a7400000| Untracked 
| 117|0x00000000a7500000, 0x00000000a7500000, 0x00000000a7600000|  0%| F|  |TAMS 0x00000000a7500000| PB 0x00000000a7500000| Untracked 
| 118|0x00000000a7600000, 0x00000000a7600000, 0x00000000a7700000|  0%| F|  |TAMS 0x00000000a7600000| PB 0x00000000a7600000| Untracked 
| 119|0x00000000a7700000, 0x00000000a7700000, 0x00000000a7800000|  0%| F|  |TAMS 0x00000000a7700000| PB 0x00000000a7700000| Untracked 
| 120|0x00000000a7800000, 0x00000000a7800000, 0x00000000a7900000|  0%| F|  |TAMS 0x00000000a7800000| PB 0x00000000a7800000| Untracked 
| 121|0x00000000a7900000, 0x00000000a7900000, 0x00000000a7a00000|  0%| F|  |TAMS 0x00000000a7900000| PB 0x00000000a7900000| Untracked 
| 122|0x00000000a7a00000, 0x00000000a7a00000, 0x00000000a7b00000|  0%| F|  |TAMS 0x00000000a7a00000| PB 0x00000000a7a00000| Untracked 
| 123|0x00000000a7b00000, 0x00000000a7b00000, 0x00000000a7c00000|  0%| F|  |TAMS 0x00000000a7b00000| PB 0x00000000a7b00000| Untracked 
| 124|0x00000000a7c00000, 0x00000000a7c00000, 0x00000000a7d00000|  0%| F|  |TAMS 0x00000000a7c00000| PB 0x00000000a7c00000| Untracked 
| 125|0x00000000a7d00000, 0x00000000a7d00000, 0x00000000a7e00000|  0%| F|  |TAMS 0x00000000a7d00000| PB 0x00000000a7d00000| Untracked 
| 126|0x00000000a7e00000, 0x00000000a7e00000, 0x00000000a7f00000|  0%| F|  |TAMS 0x00000000a7e00000| PB 0x00000000a7e00000| Untracked 
| 127|0x00000000a7f00000, 0x00000000a7f00000, 0x00000000a8000000|  0%| F|  |TAMS 0x00000000a7f00000| PB 0x00000000a7f00000| Untracked 
| 128|0x00000000a8000000, 0x00000000a8000000, 0x00000000a8100000|  0%| F|  |TAMS 0x00000000a8000000| PB 0x00000000a8000000| Untracked 
| 129|0x00000000a8100000, 0x00000000a8100000, 0x00000000a8200000|  0%| F|  |TAMS 0x00000000a8100000| PB 0x00000000a8100000| Untracked 
| 130|0x00000000a8200000, 0x00000000a8200000, 0x00000000a8300000|  0%| F|  |TAMS 0x00000000a8200000| PB 0x00000000a8200000| Untracked 
| 131|0x00000000a8300000, 0x00000000a8300000, 0x00000000a8400000|  0%| F|  |TAMS 0x00000000a8300000| PB 0x00000000a8300000| Untracked 
| 132|0x00000000a8400000, 0x00000000a8400000, 0x00000000a8500000|  0%| F|  |TAMS 0x00000000a8400000| PB 0x00000000a8400000| Untracked 
| 133|0x00000000a8500000, 0x00000000a8500000, 0x00000000a8600000|  0%| F|  |TAMS 0x00000000a8500000| PB 0x00000000a8500000| Untracked 
| 134|0x00000000a8600000, 0x00000000a8600000, 0x00000000a8700000|  0%| F|  |TAMS 0x00000000a8600000| PB 0x00000000a8600000| Untracked 
| 135|0x00000000a8700000, 0x00000000a8700000, 0x00000000a8800000|  0%| F|  |TAMS 0x00000000a8700000| PB 0x00000000a8700000| Untracked 
| 136|0x00000000a8800000, 0x00000000a8800000, 0x00000000a8900000|  0%| F|  |TAMS 0x00000000a8800000| PB 0x00000000a8800000| Untracked 
| 137|0x00000000a8900000, 0x00000000a8900000, 0x00000000a8a00000|  0%| F|  |TAMS 0x00000000a8900000| PB 0x00000000a8900000| Untracked 
| 138|0x00000000a8a00000, 0x00000000a8a00000, 0x00000000a8b00000|  0%| F|  |TAMS 0x00000000a8a00000| PB 0x00000000a8a00000| Untracked 
| 139|0x00000000a8b00000, 0x00000000a8b00000, 0x00000000a8c00000|  0%| F|  |TAMS 0x00000000a8b00000| PB 0x00000000a8b00000| Untracked 
| 140|0x00000000a8c00000, 0x00000000a8c00000, 0x00000000a8d00000|  0%| F|  |TAMS 0x00000000a8c00000| PB 0x00000000a8c00000| Untracked 
| 141|0x00000000a8d00000, 0x00000000a8d00000, 0x00000000a8e00000|  0%| F|  |TAMS 0x00000000a8d00000| PB 0x00000000a8d00000| Untracked 
| 142|0x00000000a8e00000, 0x00000000a8e00000, 0x00000000a8f00000|  0%| F|  |TAMS 0x00000000a8e00000| PB 0x00000000a8e00000| Untracked 
| 143|0x00000000a8f00000, 0x00000000a8f00000, 0x00000000a9000000|  0%| F|  |TAMS 0x00000000a8f00000| PB 0x00000000a8f00000| Untracked 
| 144|0x00000000a9000000, 0x00000000a9000000, 0x00000000a9100000|  0%| F|  |TAMS 0x00000000a9000000| PB 0x00000000a9000000| Untracked 
| 145|0x00000000a9100000, 0x00000000a9100000, 0x00000000a9200000|  0%| F|  |TAMS 0x00000000a9100000| PB 0x00000000a9100000| Untracked 
| 146|0x00000000a9200000, 0x00000000a9200000, 0x00000000a9300000|  0%| F|  |TAMS 0x00000000a9200000| PB 0x00000000a9200000| Untracked 
| 147|0x00000000a9300000, 0x00000000a9300000, 0x00000000a9400000|  0%| F|  |TAMS 0x00000000a9300000| PB 0x00000000a9300000| Untracked 
| 148|0x00000000a9400000, 0x00000000a9400000, 0x00000000a9500000|  0%| F|  |TAMS 0x00000000a9400000| PB 0x00000000a9400000| Untracked 
| 149|0x00000000a9500000, 0x00000000a9500000, 0x00000000a9600000|  0%| F|  |TAMS 0x00000000a9500000| PB 0x00000000a9500000| Untracked 
| 150|0x00000000a9600000, 0x00000000a9600000, 0x00000000a9700000|  0%| F|  |TAMS 0x00000000a9600000| PB 0x00000000a9600000| Untracked 
| 151|0x00000000a9700000, 0x00000000a9700000, 0x00000000a9800000|  0%| F|  |TAMS 0x00000000a9700000| PB 0x00000000a9700000| Untracked 
| 152|0x00000000a9800000, 0x00000000a9800000, 0x00000000a9900000|  0%| F|  |TAMS 0x00000000a9800000| PB 0x00000000a9800000| Untracked 
| 153|0x00000000a9900000, 0x00000000a9900000, 0x00000000a9a00000|  0%| F|  |TAMS 0x00000000a9900000| PB 0x00000000a9900000| Untracked 
| 154|0x00000000a9a00000, 0x00000000a9a00000, 0x00000000a9b00000|  0%| F|  |TAMS 0x00000000a9a00000| PB 0x00000000a9a00000| Untracked 
| 155|0x00000000a9b00000, 0x00000000a9b00000, 0x00000000a9c00000|  0%| F|  |TAMS 0x00000000a9b00000| PB 0x00000000a9b00000| Untracked 
| 156|0x00000000a9c00000, 0x00000000a9c00000, 0x00000000a9d00000|  0%| F|  |TAMS 0x00000000a9c00000| PB 0x00000000a9c00000| Untracked 
| 157|0x00000000a9d00000, 0x00000000a9d00000, 0x00000000a9e00000|  0%| F|  |TAMS 0x00000000a9d00000| PB 0x00000000a9d00000| Untracked 
| 158|0x00000000a9e00000, 0x00000000a9e00000, 0x00000000a9f00000|  0%| F|  |TAMS 0x00000000a9e00000| PB 0x00000000a9e00000| Untracked 
| 159|0x00000000a9f00000, 0x00000000a9f00000, 0x00000000aa000000|  0%| F|  |TAMS 0x00000000a9f00000| PB 0x00000000a9f00000| Untracked 
| 160|0x00000000aa000000, 0x00000000aa000000, 0x00000000aa100000|  0%| F|  |TAMS 0x00000000aa000000| PB 0x00000000aa000000| Untracked 
| 161|0x00000000aa100000, 0x00000000aa200000, 0x00000000aa200000|100%| E|  |TAMS 0x00000000aa100000| PB 0x00000000aa100000| Complete 
| 162|0x00000000aa200000, 0x00000000aa300000, 0x00000000aa300000|100%| E|CS|TAMS 0x00000000aa200000| PB 0x00000000aa200000| Complete 
| 163|0x00000000aa300000, 0x00000000aa400000, 0x00000000aa400000|100%| E|CS|TAMS 0x00000000aa300000| PB 0x00000000aa300000| Complete 
| 164|0x00000000aa400000, 0x00000000aa500000, 0x00000000aa500000|100%| E|CS|TAMS 0x00000000aa400000| PB 0x00000000aa400000| Complete 
| 165|0x00000000aa500000, 0x00000000aa600000, 0x00000000aa600000|100%| E|CS|TAMS 0x00000000aa500000| PB 0x00000000aa500000| Complete 
| 166|0x00000000aa600000, 0x00000000aa700000, 0x00000000aa700000|100%| E|CS|TAMS 0x00000000aa600000| PB 0x00000000aa600000| Complete 
| 167|0x00000000aa700000, 0x00000000aa800000, 0x00000000aa800000|100%| E|CS|TAMS 0x00000000aa700000| PB 0x00000000aa700000| Complete 
| 168|0x00000000aa800000, 0x00000000aa900000, 0x00000000aa900000|100%| E|CS|TAMS 0x00000000aa800000| PB 0x00000000aa800000| Complete 
| 169|0x00000000aa900000, 0x00000000aaa00000, 0x00000000aaa00000|100%| E|CS|TAMS 0x00000000aa900000| PB 0x00000000aa900000| Complete 
| 170|0x00000000aaa00000, 0x00000000aab00000, 0x00000000aab00000|100%| E|CS|TAMS 0x00000000aaa00000| PB 0x00000000aaa00000| Complete 
| 171|0x00000000aab00000, 0x00000000aac00000, 0x00000000aac00000|100%| E|CS|TAMS 0x00000000aab00000| PB 0x00000000aab00000| Complete 
| 172|0x00000000aac00000, 0x00000000aad00000, 0x00000000aad00000|100%| E|CS|TAMS 0x00000000aac00000| PB 0x00000000aac00000| Complete 
| 173|0x00000000aad00000, 0x00000000aae00000, 0x00000000aae00000|100%| E|CS|TAMS 0x00000000aad00000| PB 0x00000000aad00000| Complete 
| 174|0x00000000aae00000, 0x00000000aaf00000, 0x00000000aaf00000|100%| E|CS|TAMS 0x00000000aae00000| PB 0x00000000aae00000| Complete 
| 175|0x00000000aaf00000, 0x00000000ab000000, 0x00000000ab000000|100%| E|CS|TAMS 0x00000000aaf00000| PB 0x00000000aaf00000| Complete 
| 176|0x00000000ab000000, 0x00000000ab100000, 0x00000000ab100000|100%| E|CS|TAMS 0x00000000ab000000| PB 0x00000000ab000000| Complete 
| 177|0x00000000ab100000, 0x00000000ab200000, 0x00000000ab200000|100%| E|CS|TAMS 0x00000000ab100000| PB 0x00000000ab100000| Complete 
| 178|0x00000000ab200000, 0x00000000ab300000, 0x00000000ab300000|100%| E|CS|TAMS 0x00000000ab200000| PB 0x00000000ab200000| Complete 
| 179|0x00000000ab300000, 0x00000000ab400000, 0x00000000ab400000|100%| E|CS|TAMS 0x00000000ab300000| PB 0x00000000ab300000| Complete 
| 180|0x00000000ab400000, 0x00000000ab500000, 0x00000000ab500000|100%| E|CS|TAMS 0x00000000ab400000| PB 0x00000000ab400000| Complete 
| 181|0x00000000ab500000, 0x00000000ab600000, 0x00000000ab600000|100%| E|CS|TAMS 0x00000000ab500000| PB 0x00000000ab500000| Complete 
| 182|0x00000000ab600000, 0x00000000ab700000, 0x00000000ab700000|100%| E|CS|TAMS 0x00000000ab600000| PB 0x00000000ab600000| Complete 
| 183|0x00000000ab700000, 0x00000000ab800000, 0x00000000ab800000|100%| E|CS|TAMS 0x00000000ab700000| PB 0x00000000ab700000| Complete 
| 184|0x00000000ab800000, 0x00000000ab900000, 0x00000000ab900000|100%| E|CS|TAMS 0x00000000ab800000| PB 0x00000000ab800000| Complete 
| 185|0x00000000ab900000, 0x00000000aba00000, 0x00000000aba00000|100%| E|CS|TAMS 0x00000000ab900000| PB 0x00000000ab900000| Complete 
| 186|0x00000000aba00000, 0x00000000abb00000, 0x00000000abb00000|100%| E|CS|TAMS 0x00000000aba00000| PB 0x00000000aba00000| Complete 
| 187|0x00000000abb00000, 0x00000000abc00000, 0x00000000abc00000|100%| E|CS|TAMS 0x00000000abb00000| PB 0x00000000abb00000| Complete 
| 188|0x00000000abc00000, 0x00000000abd00000, 0x00000000abd00000|100%| E|CS|TAMS 0x00000000abc00000| PB 0x00000000abc00000| Complete 
| 189|0x00000000abd00000, 0x00000000abe00000, 0x00000000abe00000|100%| E|CS|TAMS 0x00000000abd00000| PB 0x00000000abd00000| Complete 
| 190|0x00000000abe00000, 0x00000000abf00000, 0x00000000abf00000|100%| E|CS|TAMS 0x00000000abe00000| PB 0x00000000abe00000| Complete 
| 191|0x00000000abf00000, 0x00000000ac000000, 0x00000000ac000000|100%| E|CS|TAMS 0x00000000abf00000| PB 0x00000000abf00000| Complete 
| 192|0x00000000ac000000, 0x00000000ac100000, 0x00000000ac100000|100%| E|CS|TAMS 0x00000000ac000000| PB 0x00000000ac000000| Complete 
| 193|0x00000000ac100000, 0x00000000ac200000, 0x00000000ac200000|100%| E|CS|TAMS 0x00000000ac100000| PB 0x00000000ac100000| Complete 
| 194|0x00000000ac200000, 0x00000000ac300000, 0x00000000ac300000|100%| E|CS|TAMS 0x00000000ac200000| PB 0x00000000ac200000| Complete 
| 195|0x00000000ac300000, 0x00000000ac400000, 0x00000000ac400000|100%| E|CS|TAMS 0x00000000ac300000| PB 0x00000000ac300000| Complete 
| 196|0x00000000ac400000, 0x00000000ac500000, 0x00000000ac500000|100%| E|CS|TAMS 0x00000000ac400000| PB 0x00000000ac400000| Complete 
| 197|0x00000000ac500000, 0x00000000ac600000, 0x00000000ac600000|100%| E|CS|TAMS 0x00000000ac500000| PB 0x00000000ac500000| Complete 
| 198|0x00000000ac600000, 0x00000000ac700000, 0x00000000ac700000|100%| E|CS|TAMS 0x00000000ac600000| PB 0x00000000ac600000| Complete 
| 199|0x00000000ac700000, 0x00000000ac800000, 0x00000000ac800000|100%| E|CS|TAMS 0x00000000ac700000| PB 0x00000000ac700000| Complete 
| 200|0x00000000ac800000, 0x00000000ac900000, 0x00000000ac900000|100%| E|CS|TAMS 0x00000000ac800000| PB 0x00000000ac800000| Complete 
| 201|0x00000000ac900000, 0x00000000aca00000, 0x00000000aca00000|100%| E|CS|TAMS 0x00000000ac900000| PB 0x00000000ac900000| Complete 
| 202|0x00000000aca00000, 0x00000000acb00000, 0x00000000acb00000|100%| E|CS|TAMS 0x00000000aca00000| PB 0x00000000aca00000| Complete 
| 203|0x00000000acb00000, 0x00000000acc00000, 0x00000000acc00000|100%| E|CS|TAMS 0x00000000acb00000| PB 0x00000000acb00000| Complete 
| 204|0x00000000acc00000, 0x00000000acd00000, 0x00000000acd00000|100%| E|CS|TAMS 0x00000000acc00000| PB 0x00000000acc00000| Complete 
| 205|0x00000000acd00000, 0x00000000ace00000, 0x00000000ace00000|100%| E|CS|TAMS 0x00000000acd00000| PB 0x00000000acd00000| Complete 
| 206|0x00000000ace00000, 0x00000000acf00000, 0x00000000acf00000|100%| E|CS|TAMS 0x00000000ace00000| PB 0x00000000ace00000| Complete 
| 207|0x00000000acf00000, 0x00000000ad000000, 0x00000000ad000000|100%| E|CS|TAMS 0x00000000acf00000| PB 0x00000000acf00000| Complete 
| 208|0x00000000ad000000, 0x00000000ad100000, 0x00000000ad100000|100%| E|CS|TAMS 0x00000000ad000000| PB 0x00000000ad000000| Complete 
| 209|0x00000000ad100000, 0x00000000ad200000, 0x00000000ad200000|100%| E|CS|TAMS 0x00000000ad100000| PB 0x00000000ad100000| Complete 
| 210|0x00000000ad200000, 0x00000000ad300000, 0x00000000ad300000|100%| E|CS|TAMS 0x00000000ad200000| PB 0x00000000ad200000| Complete 
| 211|0x00000000ad300000, 0x00000000ad400000, 0x00000000ad400000|100%| E|CS|TAMS 0x00000000ad300000| PB 0x00000000ad300000| Complete 
| 212|0x00000000ad400000, 0x00000000ad500000, 0x00000000ad500000|100%| E|CS|TAMS 0x00000000ad400000| PB 0x00000000ad400000| Complete 
| 213|0x00000000ad500000, 0x00000000ad600000, 0x00000000ad600000|100%| E|CS|TAMS 0x00000000ad500000| PB 0x00000000ad500000| Complete 
| 214|0x00000000ad600000, 0x00000000ad700000, 0x00000000ad700000|100%| E|CS|TAMS 0x00000000ad600000| PB 0x00000000ad600000| Complete 
| 215|0x00000000ad700000, 0x00000000ad800000, 0x00000000ad800000|100%| E|CS|TAMS 0x00000000ad700000| PB 0x00000000ad700000| Complete 
| 216|0x00000000ad800000, 0x00000000ad900000, 0x00000000ad900000|100%| E|CS|TAMS 0x00000000ad800000| PB 0x00000000ad800000| Complete 
| 217|0x00000000ad900000, 0x00000000ad992358, 0x00000000ada00000| 57%| S|CS|TAMS 0x00000000ad900000| PB 0x00000000ad900000| Complete 
| 218|0x00000000ada00000, 0x00000000adb00000, 0x00000000adb00000|100%| S|CS|TAMS 0x00000000ada00000| PB 0x00000000ada00000| Complete 
| 219|0x00000000adb00000, 0x00000000adc00000, 0x00000000adc00000|100%| E|CS|TAMS 0x00000000adb00000| PB 0x00000000adb00000| Complete 
| 220|0x00000000adc00000, 0x00000000add00000, 0x00000000add00000|100%| E|CS|TAMS 0x00000000adc00000| PB 0x00000000adc00000| Complete 
| 221|0x00000000add00000, 0x00000000ade00000, 0x00000000ade00000|100%| E|CS|TAMS 0x00000000add00000| PB 0x00000000add00000| Complete 
| 222|0x00000000ade00000, 0x00000000adf00000, 0x00000000adf00000|100%| E|CS|TAMS 0x00000000ade00000| PB 0x00000000ade00000| Complete 
| 223|0x00000000adf00000, 0x00000000ae000000, 0x00000000ae000000|100%| E|CS|TAMS 0x00000000adf00000| PB 0x00000000adf00000| Complete 
| 224|0x00000000ae000000, 0x00000000ae100000, 0x00000000ae100000|100%| E|CS|TAMS 0x00000000ae000000| PB 0x00000000ae000000| Complete 
| 225|0x00000000ae100000, 0x00000000ae200000, 0x00000000ae200000|100%| E|CS|TAMS 0x00000000ae100000| PB 0x00000000ae100000| Complete 
| 226|0x00000000ae200000, 0x00000000ae300000, 0x00000000ae300000|100%| E|CS|TAMS 0x00000000ae200000| PB 0x00000000ae200000| Complete 
| 227|0x00000000ae300000, 0x00000000ae400000, 0x00000000ae400000|100%| E|CS|TAMS 0x00000000ae300000| PB 0x00000000ae300000| Complete 
| 228|0x00000000ae400000, 0x00000000ae500000, 0x00000000ae500000|100%| E|CS|TAMS 0x00000000ae400000| PB 0x00000000ae400000| Complete 
| 229|0x00000000ae500000, 0x00000000ae600000, 0x00000000ae600000|100%| E|CS|TAMS 0x00000000ae500000| PB 0x00000000ae500000| Complete 
| 230|0x00000000ae600000, 0x00000000ae700000, 0x00000000ae700000|100%| E|CS|TAMS 0x00000000ae600000| PB 0x00000000ae600000| Complete 
| 231|0x00000000ae700000, 0x00000000ae800000, 0x00000000ae800000|100%| E|CS|TAMS 0x00000000ae700000| PB 0x00000000ae700000| Complete 
| 232|0x00000000ae800000, 0x00000000ae900000, 0x00000000ae900000|100%| E|CS|TAMS 0x00000000ae800000| PB 0x00000000ae800000| Complete 
| 233|0x00000000ae900000, 0x00000000aea00000, 0x00000000aea00000|100%| E|CS|TAMS 0x00000000ae900000| PB 0x00000000ae900000| Complete 
| 234|0x00000000aea00000, 0x00000000aeb00000, 0x00000000aeb00000|100%| E|CS|TAMS 0x00000000aea00000| PB 0x00000000aea00000| Complete 
| 235|0x00000000aeb00000, 0x00000000aec00000, 0x00000000aec00000|100%| E|CS|TAMS 0x00000000aeb00000| PB 0x00000000aeb00000| Complete 
| 236|0x00000000aec00000, 0x00000000aed00000, 0x00000000aed00000|100%| E|CS|TAMS 0x00000000aec00000| PB 0x00000000aec00000| Complete 
| 237|0x00000000aed00000, 0x00000000aee00000, 0x00000000aee00000|100%| E|CS|TAMS 0x00000000aed00000| PB 0x00000000aed00000| Complete 
| 238|0x00000000aee00000, 0x00000000aef00000, 0x00000000aef00000|100%| E|CS|TAMS 0x00000000aee00000| PB 0x00000000aee00000| Complete 
| 239|0x00000000aef00000, 0x00000000af000000, 0x00000000af000000|100%| E|CS|TAMS 0x00000000aef00000| PB 0x00000000aef00000| Complete 
| 240|0x00000000af000000, 0x00000000af100000, 0x00000000af100000|100%| E|CS|TAMS 0x00000000af000000| PB 0x00000000af000000| Complete 
| 241|0x00000000af100000, 0x00000000af200000, 0x00000000af200000|100%| E|CS|TAMS 0x00000000af100000| PB 0x00000000af100000| Complete 
| 242|0x00000000af200000, 0x00000000af300000, 0x00000000af300000|100%| E|CS|TAMS 0x00000000af200000| PB 0x00000000af200000| Complete 
| 243|0x00000000af300000, 0x00000000af400000, 0x00000000af400000|100%| E|CS|TAMS 0x00000000af300000| PB 0x00000000af300000| Complete 
| 244|0x00000000af400000, 0x00000000af500000, 0x00000000af500000|100%| E|CS|TAMS 0x00000000af400000| PB 0x00000000af400000| Complete 
| 245|0x00000000af500000, 0x00000000af600000, 0x00000000af600000|100%| E|CS|TAMS 0x00000000af500000| PB 0x00000000af500000| Complete 
| 246|0x00000000af600000, 0x00000000af700000, 0x00000000af700000|100%| E|CS|TAMS 0x00000000af600000| PB 0x00000000af600000| Complete 
| 247|0x00000000af700000, 0x00000000af800000, 0x00000000af800000|100%| E|CS|TAMS 0x00000000af700000| PB 0x00000000af700000| Complete 
| 248|0x00000000af800000, 0x00000000af900000, 0x00000000af900000|100%| E|CS|TAMS 0x00000000af800000| PB 0x00000000af800000| Complete 
| 249|0x00000000af900000, 0x00000000afa00000, 0x00000000afa00000|100%| E|CS|TAMS 0x00000000af900000| PB 0x00000000af900000| Complete 
| 250|0x00000000afa00000, 0x00000000afb00000, 0x00000000afb00000|100%| E|CS|TAMS 0x00000000afa00000| PB 0x00000000afa00000| Complete 
| 251|0x00000000afb00000, 0x00000000afc00000, 0x00000000afc00000|100%| E|CS|TAMS 0x00000000afb00000| PB 0x00000000afb00000| Complete 

Card table byte_map: [0x00000209c52c0000,0x00000209c55c0000] _byte_map_base: 0x00000209c4dc0000

Marking Bits: (CMBitMap*) 0x00000209ad3484f0
 Bits: [0x00000209c55c0000, 0x00000209c6dc0000)

Polling page: 0x00000209ab1d0000

Metaspace:

Usage:
  Non-class:     13.89 MB used.
      Class:      2.18 MB used.
       Both:     16.07 MB used.

Virtual space:
  Non-class space:       64.00 MB reserved,      14.12 MB ( 22%) committed,  1 nodes.
      Class space:        1.00 GB reserved,       2.44 MB ( <1%) committed,  1 nodes.
             Both:        1.06 GB reserved,      16.56 MB (  2%) committed. 

Chunk freelists:
   Non-Class:  1.31 MB
       Class:  13.41 MB
        Both:  14.72 MB

MaxMetaspaceSize: unlimited
CompressedClassSpaceSize: 1.00 GB
Initial GC threshold: 21.00 MB
Current GC threshold: 21.00 MB
CDS: on
 - commit_granule_bytes: 65536.
 - commit_granule_words: 8192.
 - virtual_space_node_default_size: 8388608.
 - enlarge_chunks_in_place: 1.
 - use_allocation_guard: 0.


Internal statistics:

num_allocs_failed_limit: 0.
num_arena_births: 606.
num_arena_deaths: 0.
num_vsnodes_births: 2.
num_vsnodes_deaths: 0.
num_space_committed: 265.
num_space_uncommitted: 0.
num_chunks_returned_to_freelist: 0.
num_chunks_taken_from_freelist: 1183.
num_chunk_merges: 0.
num_chunk_splits: 757.
num_chunks_enlarged: 512.
num_inconsistent_stats: 0.

CodeHeap 'non-profiled nmethods': size=119168Kb used=1265Kb max_used=1265Kb free=117902Kb
 bounds [0x00000209bd2e0000, 0x00000209bd550000, 0x00000209c4740000]
CodeHeap 'profiled nmethods': size=119104Kb used=5755Kb max_used=5755Kb free=113349Kb
 bounds [0x00000209b5740000, 0x00000209b5ce0000, 0x00000209bcb90000]
CodeHeap 'non-nmethods': size=7488Kb used=3159Kb max_used=3174Kb free=4328Kb
 bounds [0x00000209bcb90000, 0x00000209bceb0000, 0x00000209bd2e0000]
 total_blobs=3370 nmethods=2812 adapters=459
 compilation: enabled
              stopped_count=0, restarted_count=0
 full_count=0

Compilation events (20 events):
Event: 5.112 Thread 0x0000020a0b115380 2812       3       jdk.internal.misc.Unsafe::getIntUnaligned (12 bytes)
Event: 5.113 Thread 0x0000020a0b115380 nmethod 2812 0x00000209b5cd5e10 code [0x00000209b5cd5fc0, 0x00000209b5cd6228]
Event: 5.200 Thread 0x0000020a0b115380 2813       3       java.lang.reflect.Method::isVarArgs (5 bytes)
Event: 5.200 Thread 0x0000020a10548970 2814       3       java.lang.invoke.LambdaFormEditor::oldSpeciesData (8 bytes)
Event: 5.200 Thread 0x0000020a0b115380 nmethod 2813 0x00000209b5cd6310 code [0x00000209b5cd64c0, 0x00000209b5cd66a8]
Event: 5.200 Thread 0x0000020a10548970 nmethod 2814 0x00000209b5cd6790 code [0x00000209b5cd6960, 0x00000209b5cd6d70]
Event: 5.206 Thread 0x0000020a0b05ee30 2815       3       java.lang.invoke.LambdaForm::<init> (53 bytes)
Event: 5.206 Thread 0x0000020a0b05ee30 nmethod 2815 0x00000209b5cd6e90 code [0x00000209b5cd7040, 0x00000209b5cd7318]
Event: 5.235 Thread 0x0000020a0b115a30 2816       3       java.util.ImmutableCollections$Set12::<init> (53 bytes)
Event: 5.236 Thread 0x0000020a10548970 2818       3       java.lang.invoke.MemberName::getFactory (4 bytes)
Event: 5.236 Thread 0x0000020a10548970 nmethod 2818 0x00000209b5cd7410 code [0x00000209b5cd75a0, 0x00000209b5cd7698]
Event: 5.236 Thread 0x0000020a0b115a30 nmethod 2816 0x00000209b5cd7710 code [0x00000209b5cd79c0, 0x00000209b5cd8620]
Event: 5.237 Thread 0x0000020a10548970 2819       3       java.lang.invoke.ClassSpecializer$SpeciesData::fieldCount (10 bytes)
Event: 5.237 Thread 0x0000020a10548970 nmethod 2819 0x00000209b5cd8a90 code [0x00000209b5cd8c40, 0x00000209b5cd8e18]
Event: 5.239 Thread 0x0000020a0b05ee30 2820       3       java.lang.invoke.MethodHandles$Lookup::checkMethod (87 bytes)
Event: 5.239 Thread 0x0000020a0b115380 2821       3       java.lang.invoke.MethodHandles$Lookup::maybeBindCaller (72 bytes)
Event: 5.241 Thread 0x0000020a0b05ee30 nmethod 2820 0x00000209b5cd8f10 code [0x00000209b5cd9120, 0x00000209b5cd97d0]
Event: 5.241 Thread 0x0000020a0b115380 nmethod 2821 0x00000209b5cd9a10 code [0x00000209b5cd9c40, 0x00000209b5cda408]
Event: 5.241 Thread 0x0000020a0b05ee30 2822       3       java.util.ArrayList::addAll (76 bytes)
Event: 5.242 Thread 0x0000020a0b05ee30 nmethod 2822 0x00000209b5cda710 code [0x00000209b5cda900, 0x00000209b5cdada8]

GC Heap History (4 events):
Event: 0.786 GC heap before
{Heap before GC invocations=0 (full 0):
 garbage-first heap   total 258048K, used 26624K [0x00000000a0000000, 0x0000000100000000)
  region size 1024K, 23 young (23552K), 0 survivors (0K)
 Metaspace       used 1333K, committed 1536K, reserved 1114112K
  class space    used 109K, committed 192K, reserved 1048576K
}
Event: 0.794 GC heap after
{Heap after GC invocations=1 (full 0):
 garbage-first heap   total 258048K, used 10673K [0x00000000a0000000, 0x0000000100000000)
  region size 1024K, 3 young (3072K), 3 survivors (3072K)
 Metaspace       used 1333K, committed 1536K, reserved 1114112K
  class space    used 109K, committed 192K, reserved 1048576K
}
Event: 1.596 GC heap before
{Heap before GC invocations=1 (full 0):
 garbage-first heap   total 258048K, used 40369K [0x00000000a0000000, 0x0000000100000000)
  region size 1024K, 33 young (33792K), 3 survivors (3072K)
 Metaspace       used 4335K, committed 4544K, reserved 1114112K
  class space    used 532K, committed 640K, reserved 1048576K
}
Event: 1.602 GC heap after
{Heap after GC invocations=2 (full 0):
 garbage-first heap   total 258048K, used 12164K [0x00000000a0000000, 0x0000000100000000)
  region size 1024K, 2 young (2048K), 2 survivors (2048K)
 Metaspace       used 4335K, committed 4544K, reserved 1114112K
  class space    used 532K, committed 640K, reserved 1048576K
}

Dll operation events (15 events):
Event: 0.026 Loaded shared library C:\Program Files\Java\jdk-21\bin\java.dll
Event: 0.078 Loaded shared library C:\Program Files\Java\jdk-21\bin\jsvml.dll
Event: 0.150 Loaded shared library C:\Program Files\Java\jdk-21\bin\zip.dll
Event: 0.157 Loaded shared library C:\Program Files\Java\jdk-21\bin\instrument.dll
Event: 0.167 Loaded shared library C:\Program Files\Java\jdk-21\bin\net.dll
Event: 0.174 Loaded shared library C:\Program Files\Java\jdk-21\bin\nio.dll
Event: 0.179 Loaded shared library C:\Program Files\Java\jdk-21\bin\zip.dll
Event: 0.543 Loaded shared library C:\Program Files\Java\jdk-21\bin\jimage.dll
Event: 0.738 Loaded shared library C:\Program Files\Java\jdk-21\bin\verify.dll
Event: 1.078 Loaded shared library D:\.gradle\native\c067742578af261105cb4f569cf0c3c89f3d7b1fecec35dd04571415982c5e48\windows-amd64\native-platform.dll
Event: 1.099 Loaded shared library D:\.gradle\native\100fb08df4bc3b14c8652ba06237920a3bd2aa13389f12d3474272988ae205f9\windows-amd64\native-platform-file-events.dll
Event: 2.301 Loaded shared library C:\Program Files\Java\jdk-21\bin\management.dll
Event: 2.308 Loaded shared library C:\Program Files\Java\jdk-21\bin\management_ext.dll
Event: 2.711 Loaded shared library C:\Program Files\Java\jdk-21\bin\extnet.dll
Event: 3.204 Loaded shared library C:\Program Files\Java\jdk-21\bin\sunmscapi.dll

Deoptimization events (20 events):
Event: 4.796 Thread 0x0000020a1148b130 DEOPT PACKING pc=0x00000209bd3a4a64 sp=0x000000c3ceafc590
Event: 4.796 Thread 0x0000020a1148b130 DEOPT UNPACKING pc=0x00000209bcbe46a2 sp=0x000000c3ceafc548 mode 2
Event: 4.930 Thread 0x0000020a1148b130 Uncommon trap: trap_request=0xffffff45 fr.pc=0x00000209bd302b70 relative=0x00000000000001b0
Event: 4.930 Thread 0x0000020a1148b130 Uncommon trap: reason=unstable_if action=reinterpret pc=0x00000209bd302b70 method=java.util.regex.Matcher.reset()Ljava/util/regex/Matcher; @ 47 c2
Event: 4.930 Thread 0x0000020a1148b130 DEOPT PACKING pc=0x00000209bd302b70 sp=0x000000c3ceafaf10
Event: 4.932 Thread 0x0000020a1148b130 DEOPT UNPACKING pc=0x00000209bcbe46a2 sp=0x000000c3ceafaea0 mode 2
Event: 5.026 Thread 0x0000020a1148b130 Uncommon trap: trap_request=0xffffff45 fr.pc=0x00000209bd3ca62c relative=0x000000000000008c
Event: 5.026 Thread 0x0000020a1148b130 Uncommon trap: reason=unstable_if action=reinterpret pc=0x00000209bd3ca62c method=jdk.internal.misc.Unsafe.convEndian(ZI)I @ 4 c2
Event: 5.026 Thread 0x0000020a1148b130 DEOPT PACKING pc=0x00000209bd3ca62c sp=0x000000c3ceafb710
Event: 5.026 Thread 0x0000020a1148b130 DEOPT UNPACKING pc=0x00000209bcbe46a2 sp=0x000000c3ceafb618 mode 2
Event: 5.109 Thread 0x0000020a1148b130 DEOPT PACKING pc=0x00000209b5be1001 sp=0x000000c3ceafbc10
Event: 5.109 Thread 0x0000020a1148b130 DEOPT UNPACKING pc=0x00000209bcbe4e42 sp=0x000000c3ceafb120 mode 0
Event: 5.115 Thread 0x0000020a1148b130 Uncommon trap: trap_request=0xffffff45 fr.pc=0x00000209bd307b30 relative=0x0000000000000d30
Event: 5.115 Thread 0x0000020a1148b130 Uncommon trap: reason=unstable_if action=reinterpret pc=0x00000209bd307b30 method=java.io.WinNTFileSystem.resolve(Ljava/lang/String;Ljava/lang/String;)Ljava/lang/String; @ 19 c2
Event: 5.115 Thread 0x0000020a1148b130 DEOPT PACKING pc=0x00000209bd307b30 sp=0x000000c3ceafbca0
Event: 5.115 Thread 0x0000020a1148b130 DEOPT UNPACKING pc=0x00000209bcbe46a2 sp=0x000000c3ceafbc38 mode 2
Event: 5.118 Thread 0x0000020a1148b130 Uncommon trap: trap_request=0xffffff45 fr.pc=0x00000209bd367a48 relative=0x00000000000005e8
Event: 5.118 Thread 0x0000020a1148b130 Uncommon trap: reason=unstable_if action=reinterpret pc=0x00000209bd367a48 method=java.io.File.getName()Ljava/lang/String; @ 16 c2
Event: 5.118 Thread 0x0000020a1148b130 DEOPT PACKING pc=0x00000209bd367a48 sp=0x000000c3ceafbc60
Event: 5.118 Thread 0x0000020a1148b130 DEOPT UNPACKING pc=0x00000209bcbe46a2 sp=0x000000c3ceafbc30 mode 2

Classes loaded (20 events):
Event: 5.019 Loading class sun/security/provider/MD5
Event: 5.020 Loading class sun/security/provider/MD5 done
Event: 5.020 Loading class sun/security/provider/SHA5$SHA512
Event: 5.021 Loading class sun/security/provider/SHA5
Event: 5.022 Loading class sun/security/provider/SHA5 done
Event: 5.022 Loading class sun/security/provider/SHA5$SHA512 done
Event: 5.025 Loading class sun/security/provider/ByteArrayAccess$LE
Event: 5.025 Loading class sun/security/provider/ByteArrayAccess$LE done
Event: 5.116 Loading class java/io/File$TempDirectory
Event: 5.117 Loading class java/io/File$TempDirectory done
Event: 5.129 Loading class java/io/PrintWriter
Event: 5.130 Loading class java/io/PrintWriter done
Event: 5.217 Loading class java/util/concurrent/Semaphore
Event: 5.218 Loading class java/util/concurrent/Semaphore done
Event: 5.223 Loading class java/nio/file/FileVisitOption
Event: 5.226 Loading class java/nio/file/FileVisitOption done
Event: 5.237 Loading class java/util/stream/ReduceOps$1
Event: 5.238 Loading class java/util/stream/ReduceOps$1 done
Event: 5.238 Loading class java/util/stream/ReduceOps$1ReducingSink
Event: 5.239 Loading class java/util/stream/ReduceOps$1ReducingSink done

Classes unloaded (0 events):
No events

Classes redefined (0 events):
No events

Internal exceptions (20 events):
Event: 3.452 Thread 0x0000020a1145d7e0 Exception <a 'java/lang/NoSuchMethodError'{0x00000000ac0e1f68}: static Lorg/gradle/tooling/internal/provider/serialization/WellKnownClassLoaderRegistry$KnownClassLoaderSpec;.<clinit>()V> (0x00000000ac0e1f68) 
thrown [s\open\src\hotspot\share\prims\jni.cpp, line 1106]
Event: 3.467 Thread 0x0000020a1145d7e0 Exception <a 'java/lang/NoSuchMethodError'{0x00000000ac0f85f0}: static Lorg/gradle/tooling/internal/provider/serialization/ClientOwnedClassLoaderSpec;.<clinit>()V> (0x00000000ac0f85f0) 
thrown [s\open\src\hotspot\share\prims\jni.cpp, line 1106]
Event: 3.732 Thread 0x0000020a1148b130 Exception <a 'java/lang/NoSuchMethodError'{0x00000000abb5b938}: 'long java.lang.invoke.DirectMethodHandle$Holder.invokeInterface(java.lang.Object, java.lang.Object)'> (0x00000000abb5b938) 
thrown [s\open\src\hotspot\share\interpreter\linkResolver.cpp, line 773]
Event: 3.942 Thread 0x0000020a1148b130 Exception <a 'java/lang/NoSuchMethodError'{0x00000000ab78dff0}: 'void java.lang.invoke.DirectMethodHandle$Holder.invokeStatic(java.lang.Object, java.lang.Object)'> (0x00000000ab78dff0) 
thrown [s\open\src\hotspot\share\interpreter\linkResolver.cpp, line 773]
Event: 3.963 Thread 0x0000020a1148b130 Exception <a 'java/lang/NoSuchMethodError'{0x00000000ab7cbe08}: 'java.lang.Object java.lang.invoke.DirectMethodHandle$Holder.invokeVirtual(java.lang.Object, java.lang.Object, java.lang.Object, java.lang.Object, java.lang.Object, java.lang.Object, java.lang.Object, java.lang.Object, java.lang.Object, java.lang.Object, java.lang.Object, java.lang.Object)'> (0x00000000ab7cbe08) 
thrown [s\open\src\hotspot\share\interpreter\linkResolver.cpp, line 773]
Event: 3.965 Thread 0x0000020a1148b130 Exception <a 'java/lang/NoSuchMethodError'{0x00000000ab7d0d80}: 'java.lang.Object java.lang.invoke.DirectMethodHandle$Holder.invokeSpecial(java.lang.Object, java.lang.Object, java.lang.Object, java.lang.Object, java.lang.Object, java.lang.Object, java.lang.Object, java.lang.Object, java.lang.Object, java.lang.Object, java.lang.Object, java.lang.Object, java.lang.Object)'> (0x00000000ab7d0d80) 
thrown [s\open\src\hotspot\share\interpreter\linkResolver.cpp, line 773]
Event: 4.072 Thread 0x0000020a1148b130 Exception <a 'java/lang/NoSuchMethodError'{0x00000000ab577c78}: 'java.lang.Object java.lang.invoke.DirectMethodHandle$Holder.newInvokeSpecial(java.lang.Object, java.lang.Object, java.lang.Object, java.lang.Object, java.lang.Object)'> (0x00000000ab577c78) 
thrown [s\open\src\hotspot\share\interpreter\linkResolver.cpp, line 773]
Event: 4.106 Thread 0x0000020a1148b130 Exception <a 'java/lang/NoSuchMethodError'{0x00000000ab5cf710}: 'int java.lang.invoke.DirectMethodHandle$Holder.invokeVirtual(java.lang.Object, java.lang.Object, java.lang.Object)'> (0x00000000ab5cf710) 
thrown [s\open\src\hotspot\share\interpreter\linkResolver.cpp, line 773]
Event: 4.224 Thread 0x0000020a1148b130 Exception <a 'java/lang/NoSuchMethodError'{0x00000000ab2276c8}: 'java.lang.Object java.lang.invoke.DirectMethodHandle$Holder.newInvokeSpecial(java.lang.Object, java.lang.Object, java.lang.Object, java.lang.Object, java.lang.Object, java.lang.Object)'> (0x00000000ab2276c8) 
thrown [s\open\src\hotspot\share\interpreter\linkResolver.cpp, line 773]
Event: 4.232 Thread 0x0000020a1148b130 Exception <a 'java/lang/NoSuchMethodError'{0x00000000ab248d20}: 'void java.lang.invoke.DirectMethodHandle$Holder.invokeStaticInit(java.lang.Object, java.lang.Object)'> (0x00000000ab248d20) 
thrown [s\open\src\hotspot\share\interpreter\linkResolver.cpp, line 773]
Event: 4.446 Thread 0x0000020a1148b130 Exception <a 'java/lang/NoSuchMethodError'{0x00000000ab0d7a70}: 'void java.lang.invoke.DelegatingMethodHandle$Holder.reinvoke_L(java.lang.Object, java.lang.Object, java.lang.Object, java.lang.Object, java.lang.Object, java.lang.Object, java.lang.Object, java.lang.Object, java.lang.Object, java.lang.Object)'> (0x00000000ab0d7a70) 
thrown [s\open\src\hotspot\share\interpreter\linkResolver.cpp, line 773]
Event: 4.448 Thread 0x0000020a1148b130 Exception <a 'java/lang/NoSuchMethodError'{0x00000000ab0df470}: 'java.lang.Object java.lang.invoke.Invokers$Holder.invoker(java.lang.Object, java.lang.Object, java.lang.Object, java.lang.Object, java.lang.Object, java.lang.Object, java.lang.Object, java.lang.Object, java.lang.Object, java.lang.Object)'> (0x00000000ab0df470) 
thrown [s\open\src\hotspot\share\interpreter\linkResolver.cpp, line 773]
Event: 4.680 Thread 0x0000020a1148b130 Exception <a 'java/lang/NoSuchMethodError'{0x00000000aaca8e48}: 'void java.lang.invoke.DirectMethodHandle$Holder.invokeVirtual(java.lang.Object, java.lang.Object, java.lang.Object, java.lang.Object, java.lang.Object)'> (0x00000000aaca8e48) 
thrown [s\open\src\hotspot\share\interpreter\linkResolver.cpp, line 773]
Event: 4.784 Thread 0x0000020a1148b130 Exception <a 'java/lang/NoSuchMethodError'{0x00000000aaa327b8}: 'void java.lang.invoke.DirectMethodHandle$Holder.invokeInterface(java.lang.Object, java.lang.Object)'> (0x00000000aaa327b8) 
thrown [s\open\src\hotspot\share\interpreter\linkResolver.cpp, line 773]
Event: 4.785 Thread 0x0000020a1148b130 Exception <a 'java/lang/IncompatibleClassChangeError'{0x00000000aaa35d18}: Found class java.lang.Object, but interface was expected> (0x00000000aaa35d18) 
thrown [s\open\src\hotspot\share\interpreter\linkResolver.cpp, line 840]
Event: 4.844 Thread 0x0000020a1148b130 Exception <a 'java/lang/NoSuchMethodError'{0x00000000aa9553c8}: 'java.lang.Object java.lang.invoke.DirectMethodHandle$Holder.newInvokeSpecial(java.lang.Object, java.lang.Object, int)'> (0x00000000aa9553c8) 
thrown [s\open\src\hotspot\share\interpreter\linkResolver.cpp, line 773]
Event: 4.915 Thread 0x0000020a1148b130 Exception <a 'java/lang/NoSuchMethodError'{0x00000000aa84ca10}: 'java.lang.Object java.lang.invoke.DirectMethodHandle$Holder.invokeVirtual(java.lang.Object, java.lang.Object, java.lang.Object, java.lang.Object, java.lang.Object, java.lang.Object, java.lang.Object, java.lang.Object)'> (0x00000000aa84ca10) 
thrown [s\open\src\hotspot\share\interpreter\linkResolver.cpp, line 773]
Event: 5.230 Thread 0x0000020a1148b130 Exception <a 'java/lang/NoSuchMethodError'{0x00000000aa210338}: 'int java.lang.invoke.DirectMethodHandle$Holder.invokeSpecialIFC(java.lang.Object, java.lang.Object, java.lang.Object, java.lang.Object)'> (0x00000000aa210338) 
thrown [s\open\src\hotspot\share\interpreter\linkResolver.cpp, line 773]
Event: 5.236 Thread 0x0000020a1148b130 Exception <a 'java/lang/NoSuchMethodError'{0x00000000aa21d598}: 'java.lang.Object java.lang.invoke.DirectMethodHandle$Holder.invokeInterface(java.lang.Object, java.lang.Object, java.lang.Object)'> (0x00000000aa21d598) 
thrown [s\open\src\hotspot\share\interpreter\linkResolver.cpp, line 773]
Event: 5.236 Thread 0x0000020a1148b130 Exception <a 'java/lang/IncompatibleClassChangeError'{0x00000000aa220ee0}: Found class java.lang.Object, but interface was expected> (0x00000000aa220ee0) 
thrown [s\open\src\hotspot\share\interpreter\linkResolver.cpp, line 840]

ZGC Phase Switch (0 events):
No events

VM Operations (20 events):
Event: 2.460 Executing VM operation: HandshakeAllThreads (Deoptimize)
Event: 2.460 Executing VM operation: HandshakeAllThreads (Deoptimize) done
Event: 2.517 Executing VM operation: HandshakeAllThreads (Deoptimize)
Event: 2.517 Executing VM operation: HandshakeAllThreads (Deoptimize) done
Event: 2.587 Executing VM operation: HandshakeAllThreads (Deoptimize)
Event: 2.587 Executing VM operation: HandshakeAllThreads (Deoptimize) done
Event: 2.668 Executing VM operation: HandshakeAllThreads (Deoptimize)
Event: 2.668 Executing VM operation: HandshakeAllThreads (Deoptimize) done
Event: 2.668 Executing VM operation: Cleanup
Event: 2.668 Executing VM operation: Cleanup done
Event: 2.853 Executing VM operation: HandshakeAllThreads (Deoptimize)
Event: 2.853 Executing VM operation: HandshakeAllThreads (Deoptimize) done
Event: 3.097 Executing VM operation: HandshakeAllThreads (Deoptimize)
Event: 3.097 Executing VM operation: HandshakeAllThreads (Deoptimize) done
Event: 4.109 Executing VM operation: Cleanup
Event: 4.110 Executing VM operation: Cleanup done
Event: 4.353 Executing VM operation: HandshakeAllThreads (Deoptimize)
Event: 4.353 Executing VM operation: HandshakeAllThreads (Deoptimize) done
Event: 4.840 Executing VM operation: HandshakeAllThreads (Deoptimize)
Event: 4.840 Executing VM operation: HandshakeAllThreads (Deoptimize) done

Events (20 events):
Event: 0.974 Thread 0x0000020a0b578de0 Thread exited: 0x0000020a0b578de0
Event: 0.987 Thread 0x0000020a0b578730 Thread exited: 0x0000020a0b578730
Event: 1.191 Thread 0x0000020a10548970 Thread added: 0x0000020a10548970
Event: 1.535 Thread 0x0000020a102ace30 Thread added: 0x0000020a102ace30
Event: 2.326 Thread 0x0000020a102ace30 Thread exited: 0x0000020a102ace30
Event: 2.378 Thread 0x0000020a10c3f140 Thread added: 0x0000020a10c3f140
Event: 2.798 Thread 0x0000020a11297b30 Thread added: 0x0000020a11297b30
Event: 2.965 Thread 0x0000020a10fa9390 Thread added: 0x0000020a10fa9390
Event: 3.070 Thread 0x0000020a0b3c6ed0 Thread exited: 0x0000020a0b3c6ed0
Event: 3.291 Thread 0x0000020a10fa5fc0 Thread added: 0x0000020a10fa5fc0
Event: 3.299 Thread 0x0000020a1145d7e0 Thread added: 0x0000020a1145d7e0
Event: 3.507 Thread 0x0000020a11385bc0 Thread added: 0x0000020a11385bc0
Event: 3.526 Thread 0x0000020a1148b130 Thread added: 0x0000020a1148b130
Event: 3.558 Thread 0x0000020a1148b7c0 Thread added: 0x0000020a1148b7c0
Event: 3.570 Thread 0x0000020a1148be50 Thread added: 0x0000020a1148be50
Event: 3.583 Thread 0x0000020a1148c4e0 Thread added: 0x0000020a1148c4e0
Event: 4.244 Thread 0x0000020a0b1f7500 Thread exited: 0x0000020a0b1f7500
Event: 4.841 Thread 0x0000020a1148cb70 Thread added: 0x0000020a1148cb70
Event: 4.885 Thread 0x0000020a1148a410 Thread added: 0x0000020a1148a410
Event: 4.987 Thread 0x0000020a1148d200 Thread added: 0x0000020a1148d200


Dynamic libraries:
0x00007ff6141f0000 - 0x00007ff6141fe000 	C:\Program Files\Java\jdk-21\bin\java.exe
0x00007ffdf8a00000 - 0x00007ffdf8c68000 	C:\WINDOWS\SYSTEM32\ntdll.dll
0x00007ffdf7a40000 - 0x00007ffdf7b09000 	C:\WINDOWS\System32\KERNEL32.DLL
0x00007ffdf5540000 - 0x00007ffdf5931000 	C:\WINDOWS\System32\KERNELBASE.dll
0x00007ffdf64f0000 - 0x00007ffdf663b000 	C:\WINDOWS\System32\ucrtbase.dll
0x00007ffd5a9e0000 - 0x00007ffd5a9fb000 	C:\Program Files\Java\jdk-21\bin\VCRUNTIME140.dll
0x00007ffd58d80000 - 0x00007ffd58d98000 	C:\Program Files\Java\jdk-21\bin\jli.dll
0x00007ffdf7f90000 - 0x00007ffdf8156000 	C:\WINDOWS\System32\USER32.dll
0x00007ffdf5510000 - 0x00007ffdf5537000 	C:\WINDOWS\System32\win32u.dll
0x00007ffdf8350000 - 0x00007ffdf837b000 	C:\WINDOWS\System32\GDI32.dll
0x00007ffdde720000 - 0x00007ffdde9b3000 	C:\WINDOWS\WinSxS\amd64_microsoft.windows.common-controls_6595b64144ccf1df_6.0.26100.7824_none_3e0870b2e3345462\COMCTL32.dll
0x00007ffdf5ac0000 - 0x00007ffdf5beb000 	C:\WINDOWS\System32\gdi32full.dll
0x00007ffdf8910000 - 0x00007ffdf89b9000 	C:\WINDOWS\System32\msvcrt.dll
0x00007ffdf6640000 - 0x00007ffdf66e3000 	C:\WINDOWS\System32\msvcp_win.dll
0x00007ffdf7b10000 - 0x00007ffdf7b41000 	C:\WINDOWS\System32\IMM32.DLL
0x00007ffdde2a0000 - 0x00007ffdde2ac000 	C:\Program Files\Java\jdk-21\bin\vcruntime140_1.dll
0x00007ffd19860000 - 0x00007ffd198ee000 	C:\Program Files\Java\jdk-21\bin\msvcp140.dll
0x00007ffce9250000 - 0x00007ffce9f63000 	C:\Program Files\Java\jdk-21\bin\server\jvm.dll
0x00007ffdf72d0000 - 0x00007ffdf7384000 	C:\WINDOWS\System32\ADVAPI32.dll
0x00007ffdf7b50000 - 0x00007ffdf7bf6000 	C:\WINDOWS\System32\sechost.dll
0x00007ffdf7920000 - 0x00007ffdf7a38000 	C:\WINDOWS\System32\RPCRT4.dll
0x00007ffdf67a0000 - 0x00007ffdf6814000 	C:\WINDOWS\System32\WS2_32.dll
0x00007ffdf3eb0000 - 0x00007ffdf3f0e000 	C:\WINDOWS\SYSTEM32\POWRPROF.dll
0x00007ffdea650000 - 0x00007ffdea685000 	C:\WINDOWS\SYSTEM32\WINMM.dll
0x00007ffdee580000 - 0x00007ffdee58b000 	C:\WINDOWS\SYSTEM32\VERSION.dll
0x00007ffdf3e90000 - 0x00007ffdf3ea4000 	C:\WINDOWS\SYSTEM32\UMPDC.dll
0x00007ffdf4160000 - 0x00007ffdf417b000 	C:\WINDOWS\SYSTEM32\kernel.appcore.dll
0x00007ffdc5bf0000 - 0x00007ffdc5bfa000 	C:\Program Files\Java\jdk-21\bin\jimage.dll
0x00007ffdf3110000 - 0x00007ffdf3352000 	C:\WINDOWS\SYSTEM32\DBGHELP.DLL
0x00007ffdf7c00000 - 0x00007ffdf7f86000 	C:\WINDOWS\System32\combase.dll
0x00007ffdf7430000 - 0x00007ffdf7507000 	C:\WINDOWS\System32\OLEAUT32.dll
0x00007ffdd8030000 - 0x00007ffdd806b000 	C:\WINDOWS\SYSTEM32\dbgcore.DLL
0x00007ffdf66f0000 - 0x00007ffdf6795000 	C:\WINDOWS\System32\bcryptPrimitives.dll
0x00007ffdc42e0000 - 0x00007ffdc42ef000 	C:\Program Files\Java\jdk-21\bin\instrument.dll
0x00007ffd589e0000 - 0x00007ffd589ff000 	C:\Program Files\Java\jdk-21\bin\java.dll
0x00007ffdf6b70000 - 0x00007ffdf72c2000 	C:\WINDOWS\System32\SHELL32.dll
0x00007ffdf53a0000 - 0x00007ffdf550a000 	C:\WINDOWS\System32\wintypes.dll
0x00007ffdf5bf0000 - 0x00007ffdf6453000 	C:\WINDOWS\System32\windows.storage.dll
0x00007ffdf8810000 - 0x00007ffdf8906000 	C:\WINDOWS\System32\SHCORE.dll
0x00007ffdf7740000 - 0x00007ffdf77a7000 	C:\WINDOWS\System32\shlwapi.dll
0x00007ffdf5200000 - 0x00007ffdf5229000 	C:\WINDOWS\SYSTEM32\profapi.dll
0x00007ffcea370000 - 0x00007ffcea447000 	C:\Program Files\Java\jdk-21\bin\jsvml.dll
0x00007ffd556c0000 - 0x00007ffd556d8000 	C:\Program Files\Java\jdk-21\bin\zip.dll
0x00007ffdb30d0000 - 0x00007ffdb30e0000 	C:\Program Files\Java\jdk-21\bin\net.dll
0x00007ffdef8a0000 - 0x00007ffdef9c7000 	C:\WINDOWS\SYSTEM32\WINHTTP.dll
0x00007ffdf46b0000 - 0x00007ffdf471b000 	C:\WINDOWS\system32\mswsock.dll
0x00007ffd53e70000 - 0x00007ffd53e86000 	C:\Program Files\Java\jdk-21\bin\nio.dll
0x00007ffdaf480000 - 0x00007ffdaf490000 	C:\Program Files\Java\jdk-21\bin\verify.dll
0x00007ffd5b1c0000 - 0x00007ffd5b1e7000 	D:\.gradle\native\c067742578af261105cb4f569cf0c3c89f3d7b1fecec35dd04571415982c5e48\windows-amd64\native-platform.dll
0x00007ffce9100000 - 0x00007ffce9244000 	D:\.gradle\native\100fb08df4bc3b14c8652ba06237920a3bd2aa13389f12d3474272988ae205f9\windows-amd64\native-platform-file-events.dll
0x00007ffd9e3e0000 - 0x00007ffd9e3ea000 	C:\Program Files\Java\jdk-21\bin\management.dll
0x00007ffd97620000 - 0x00007ffd9762b000 	C:\Program Files\Java\jdk-21\bin\management_ext.dll
0x00007ffdf7420000 - 0x00007ffdf7428000 	C:\WINDOWS\System32\PSAPI.DLL
0x00007ffdf4aa0000 - 0x00007ffdf4abb000 	C:\WINDOWS\SYSTEM32\CRYPTSP.dll
0x00007ffdf40c0000 - 0x00007ffdf40f9000 	C:\WINDOWS\system32\rsaenh.dll
0x00007ffdf4760000 - 0x00007ffdf478b000 	C:\WINDOWS\SYSTEM32\USERENV.dll
0x00007ffdf51d0000 - 0x00007ffdf51fa000 	C:\WINDOWS\SYSTEM32\bcrypt.dll
0x00007ffdf4900000 - 0x00007ffdf490c000 	C:\WINDOWS\SYSTEM32\CRYPTBASE.dll
0x00007ffdf3b80000 - 0x00007ffdf3bb4000 	C:\WINDOWS\SYSTEM32\IPHLPAPI.DLL
0x00007ffdf8170000 - 0x00007ffdf817a000 	C:\WINDOWS\System32\NSI.dll
0x00007ffd97080000 - 0x00007ffd97087000 	C:\Program Files\Java\jdk-21\bin\extnet.dll
0x00007ffd96ff0000 - 0x00007ffd96ffe000 	C:\Program Files\Java\jdk-21\bin\sunmscapi.dll
0x00007ffdf5940000 - 0x00007ffdf5ab7000 	C:\WINDOWS\System32\CRYPT32.dll
0x00007ffdf4c00000 - 0x00007ffdf4c30000 	C:\WINDOWS\SYSTEM32\ncrypt.dll
0x00007ffdf4bb0000 - 0x00007ffdf4bef000 	C:\WINDOWS\SYSTEM32\NTASN1.dll
0x00007ffdd9f00000 - 0x00007ffdd9f08000 	C:\WINDOWS\system32\wshunix.dll

dbghelp: loaded successfully - version: 4.0.5 - missing functions: none
symbol engine: initialized successfully - sym options: 0x614 - pdb path: .;C:\Program Files\Java\jdk-21\bin;C:\WINDOWS\SYSTEM32;C:\WINDOWS\WinSxS\amd64_microsoft.windows.common-controls_6595b64144ccf1df_6.0.26100.7824_none_3e0870b2e3345462;C:\Program Files\Java\jdk-21\bin\server;D:\.gradle\native\c067742578af261105cb4f569cf0c3c89f3d7b1fecec35dd04571415982c5e48\windows-amd64;D:\.gradle\native\100fb08df4bc3b14c8652ba06237920a3bd2aa13389f12d3474272988ae205f9\windows-amd64

VM Arguments:
jvm_args: --add-opens=java.base/java.util=ALL-UNNAMED --add-opens=java.base/java.lang=ALL-UNNAMED --add-opens=java.base/java.lang.invoke=ALL-UNNAMED --add-opens=java.prefs/java.util.prefs=ALL-UNNAMED --add-exports=jdk.compiler/com.sun.tools.javac.api=ALL-UNNAMED --add-exports=jdk.compiler/com.sun.tools.javac.util=ALL-UNNAMED --add-opens=java.base/java.nio.charset=ALL-UNNAMED --add-opens=java.base/java.net=ALL-UNNAMED --add-opens=java.base/java.util.concurrent.atomic=ALL-UNNAMED -Xmx1536M -Dfile.encoding=utf8 -Duser.country=US -Duser.language=en -Duser.variant -javaagent:D:\.gradle\wrapper\dists\gradle-8.9-bin\90cnw93cvbtalezasaz0blq0a\gradle-8.9\lib\agents\gradle-instrumentation-agent-8.9.jar 
java_command: org.gradle.launcher.daemon.bootstrap.GradleDaemon 8.9
java_class_path (initial): D:\.gradle\wrapper\dists\gradle-8.9-bin\90cnw93cvbtalezasaz0blq0a\gradle-8.9\lib\gradle-daemon-main-8.9.jar
Launcher Type: SUN_STANDARD

[Global flags]
     intx CICompilerCount                          = 12                                        {product} {ergonomic}
     uint ConcGCThreads                            = 3                                         {product} {ergonomic}
     uint G1ConcRefinementThreads                  = 13                                        {product} {ergonomic}
   size_t G1HeapRegionSize                         = 1048576                                   {product} {ergonomic}
    uintx GCDrainStackTargetSize                   = 64                                        {product} {ergonomic}
   size_t InitialHeapSize                          = 264241152                                 {product} {ergonomic}
   size_t MarkStackSize                            = 4194304                                   {product} {ergonomic}
   size_t MaxHeapSize                              = 1610612736                                {product} {command line}
   size_t MaxNewSize                               = 965738496                                 {product} {ergonomic}
   size_t MinHeapDeltaBytes                        = 1048576                                   {product} {ergonomic}
   size_t MinHeapSize                              = 8388608                                   {product} {ergonomic}
    uintx NonNMethodCodeHeapSize                   = 7602480                                {pd product} {ergonomic}
    uintx NonProfiledCodeHeapSize                  = 122027880                              {pd product} {ergonomic}
    uintx ProfiledCodeHeapSize                     = 122027880                              {pd product} {ergonomic}
    uintx ReservedCodeCacheSize                    = 251658240                              {pd product} {ergonomic}
     bool SegmentedCodeCache                       = true                                      {product} {ergonomic}
   size_t SoftMaxHeapSize                          = 1610612736                             {manageable} {ergonomic}
     bool UseCompressedOops                        = true                           {product lp64_product} {ergonomic}
     bool UseG1GC                                  = true                                      {product} {ergonomic}
     bool UseLargePagesIndividualAllocation        = false                                  {pd product} {ergonomic}

Logging:
Log output configuration:
 #0: stdout all=warning uptime,level,tags foldmultilines=false
 #1: stderr all=off uptime,level,tags foldmultilines=false

Environment Variables:
JAVA_HOME=C:\Program Files\Java\jdk-21
PATH=C:\Program Files\Java\jdk-21\bin;C:\Program Files\Amazon Corretto\jdk17.0.15_6\bin;c:\Users\ASUS\AppData\Local\Programs\cursor\resources\app\bin;C:\Program Files\Google\Chrome\Application;C:\Python312\Scripts\;C:\Python312\;C:\msys64\mingw64\bin;C:\Program Files\Microsoft SQL Server\150\Tools\Binn\;C:\ProgramData\chocolatey\bin;C:\Program Files\nodejs\;C:\Program Files\Docker\Docker\resources\bin;C:\WINDOWS\system32;C:\WINDOWS;C:\WINDOWS\System32\Wbem;C:\WINDOWS\System32\WindowsPowerShell\v1.0\;C:\WINDOWS\System32\OpenSSH\;C:\Program Files\dotnet\;C:\Program Files\MySQL\MySQL Shell 8.0\bin\;C:\Users\ASUS\AppData\Local\Programs\Python\Python311\Scripts\;C:\Users\ASUS\AppData\Local\Programs\Python\Python311\;C:\Users\ASUS\AppData\Local\Microsoft\WindowsApps;C:\Program Files (x86)\PyCharm Community Edition 2023.1.1\bin;C:\Users\ASUS\AppData\Local\GitHubDesktop\bin;C:\flutter\bin;C:\Windows\System32;C:\Users\ASUS\AppData\Roaming\npm;c:\Users\ASUS\AppData\Local\Programs\cursor\resources\app\bin;C:\Program Files\PostgreSQL\17\bin;C:\Program Files\Vagrant\bin;C:\Program Files\Git\cmd;C:\ProgramData\chocolatey\lib\maven\apache-maven-3.9.11\bin;C:\Program Files\Amazon\AWSCLIV2\;C:\Program Files\Microsoft VS Code\bin;C:\Program Files\NVIDIA Corporation\NVIDIA App\NvDLISR;C:\Program Files (x86)\NVIDIA Corporation\PhysX\Common;C:\builder;C:\Users\ASUS\.cargo\bin;C:\Users\ASUS\.cargo\bin;C:\Program Files\MySQL\MySQL Shell 8.0\bin\;C:\Users\ASUS\AppData\Local\Programs\Python\Python311\Scripts\;C:\Users\ASUS\AppData\Local\Programs\Python\Python311\;C:\Users\ASUS\AppData\Local\Microsoft\WindowsApps;C:\Program Files (x86)\PyCharm Community Edition 2023.1.1\bin;;C:\Users\ASUS\AppData\Local\Programs\Microsoft VS Code\bin;C:\Users\ASUS\AppData\Local\GitHubDesktop\bin;C:\flutter\bin;C:\Windows\System32;C:\Users\ASUS\AppData\Roaming\npm;C:\Program Files\Oracle\VirtualBox;E:\Program Files (x86)\BrowserStackLocal\;C:\stripe;
USERNAME=ASUS
OS=Windows_NT
PROCESSOR_IDENTIFIER=Intel64 Family 6 Model 154 Stepping 3, GenuineIntel
TMP=C:\Users\ASUS\AppData\Local\Temp
TEMP=C:\Users\ASUS\AppData\Local\Temp




---------------  S Y S T E M  ---------------

OS:
 Windows 11 , 64 bit Build 26100 (10.0.26100.7705)
OS uptime: 1 days 0:20 hours
Hyper-V role detected

CPU: total 16 (initial active 16) (8 cores per cpu, 2 threads per core) family 6 model 154 stepping 3 microcode 0x429, cx8, cmov, fxsr, ht, mmx, 3dnowpref, sse, sse2, sse3, ssse3, sse4.1, sse4.2, popcnt, lzcnt, tsc, tscinvbit, avx, avx2, aes, erms, clmul, bmi1, bmi2, adx, sha, fma, vzeroupper, clflush, clflushopt, clwb, hv, serialize, rdtscp, rdpid, fsrm, f16c, cet_ibt, cet_ss
Processor Information for all 16 processors :
  Max Mhz: 2300, Current Mhz: 2300, Mhz Limit: 2300

Memory: 4k page, system-wide physical 16004M (1064M free)
TotalPageFile size 31192M (AvailPageFile size 6M)
current process WorkingSet (physical memory assigned to process): 198M, peak: 198M
current process commit charge ("private bytes"): 404M, peak: 405M

vm_info: OpenJDK 64-Bit Server VM (21+35-2513) for windows-amd64 JRE (21+35-2513), built on 2023-08-09T20:25:10Z by "mach5one" with MS VC++ 17.1 (VS2022)

END.
